TN:
SF:/Users/qiuhong/Desktop/nodeclub-master/common/redis.js
FN:12,(anonymous_1)
FNF:1
FNH:0
FNDA:0,(anonymous_1)
DA:1,1
DA:2,1
DA:3,1
DA:5,1
DA:12,1
DA:13,0
DA:14,0
DA:15,0
DA:19,1
LF:9
LH:6
BRDA:13,1,0,0
BRDA:13,1,1,0
BRF:2
BRH:0
end_of_record
TN:
SF:/Users/qiuhong/Desktop/nodeclub-master/config.js
FN:11,(anonymous_1)
FNF:1
FNH:1
FNDA:101,(anonymous_1)
DA:5,1
DA:7,1
DA:11,101
DA:139,1
DA:140,1
DA:143,1
LF:6
LH:6
BRDA:139,1,0,1
BRDA:139,1,1,0
BRF:2
BRH:1
end_of_record
TN:
SF:/Users/qiuhong/Desktop/nodeclub-master/common/logger.js
FNF:0
FNH:0
DA:1,1
DA:2,1
DA:4,1
DA:7,1
DA:8,1
DA:15,1
DA:16,1
DA:18,1
LF:8
LH:8
BRDA:4,1,0,1
BRDA:4,1,1,0
BRDA:16,2,0,0
BRDA:16,2,1,1
BRDA:16,3,0,1
BRDA:16,3,1,1
BRF:6
BRH:4
end_of_record
TN:
SF:/Users/qiuhong/Desktop/nodeclub-master/proxy/user.js
FN:14,(anonymous_1)
FN:29,(anonymous_2)
FN:41,(anonymous_3)
FN:56,(anonymous_4)
FN:68,(anonymous_5)
FN:81,(anonymous_6)
FN:94,(anonymous_7)
FN:98,(anonymous_8)
FN:111,(anonymous_9)
FN:116,(anonymous_10)
FNF:10
FNH:8
FNDA:12,(anonymous_1)
FNDA:19,(anonymous_2)
FNDA:153,(anonymous_3)
FNDA:1,(anonymous_4)
FNDA:0,(anonymous_5)
FNDA:5,(anonymous_6)
FNDA:2,(anonymous_7)
FNDA:13,(anonymous_8)
FNDA:1,(anonymous_9)
FNDA:0,(anonymous_10)
DA:1,1
DA:2,1
DA:3,1
DA:4,1
DA:14,1
DA:15,12
DA:16,9
DA:18,3
DA:29,1
DA:30,19
DA:41,1
DA:42,153
DA:43,1
DA:45,152
DA:56,1
DA:57,1
DA:68,1
DA:69,0
DA:81,1
DA:82,5
DA:94,1
DA:95,2
DA:98,1
DA:99,13
DA:100,13
DA:101,13
DA:102,13
DA:103,13
DA:104,13
DA:105,13
DA:106,13
DA:108,13
DA:111,1
DA:112,1
DA:114,1
DA:116,1
DA:117,0
LF:37
LH:35
BRDA:15,1,0,9
BRDA:15,1,1,3
BRDA:42,2,0,1
BRDA:42,2,1,152
BRDA:105,3,0,13
BRDA:105,3,1,12
BRDA:117,4,0,0
BRDA:117,4,1,0
BRF:8
BRH:6
end_of_record
TN:
SF:/Users/qiuhong/Desktop/nodeclub-master/models/index.js
FN:7,(anonymous_1)
FNF:1
FNH:1
FNDA:1,(anonymous_1)
DA:1,1
DA:2,1
DA:3,1
DA:5,1
DA:8,1
DA:9,0
DA:10,0
DA:15,1
DA:16,1
DA:17,1
DA:18,1
DA:19,1
DA:21,1
DA:22,1
DA:23,1
DA:24,1
DA:25,1
LF:17
LH:15
BRDA:8,1,0,0
BRDA:8,1,1,1
BRF:2
BRH:1
end_of_record
TN:
SF:/Users/qiuhong/Desktop/nodeclub-master/models/user.js
FN:49,(anonymous_1)
FN:68,(anonymous_2)
FN:79,(anonymous_3)
FNF:3
FNH:3
FNDA:122,(anonymous_1)
FNDA:2,(anonymous_2)
FNDA:36,(anonymous_3)
DA:1,1
DA:2,1
DA:3,1
DA:4,1
DA:5,1
DA:6,1
DA:8,1
DA:48,1
DA:49,1
DA:50,122
DA:53,122
DA:56,122
DA:57,6
DA:61,122
DA:62,0
DA:65,122
DA:68,1
DA:70,2
DA:73,1
DA:74,1
DA:75,1
DA:76,1
DA:77,1
DA:79,1
DA:80,36
DA:81,36
DA:82,36
DA:85,1
LF:28
LH:27
BRDA:50,1,0,122
BRDA:50,1,1,116
BRDA:56,2,0,6
BRDA:56,2,1,116
BRDA:61,3,0,0
BRDA:61,3,1,122
BRDA:70,4,0,2
BRDA:70,4,1,2
BRF:8
BRH:7
end_of_record
TN:
SF:/Users/qiuhong/Desktop/nodeclub-master/models/base_model.js
FN:7,(anonymous_1)
FN:8,(anonymous_2)
FN:12,(anonymous_3)
FNF:3
FNH:3
FNDA:5,(anonymous_1)
FNDA:51,(anonymous_2)
FNDA:2,(anonymous_3)
DA:5,1
DA:7,1
DA:8,5
DA:9,51
DA:12,5
DA:13,2
LF:6
LH:6
BRF:0
BRH:0
end_of_record
TN:
SF:/Users/qiuhong/Desktop/nodeclub-master/common/tools.js
FN:7,(anonymous_1)
FN:18,(anonymous_2)
FN:22,(anonymous_3)
FN:26,(anonymous_4)
FNF:4
FNH:4
FNDA:55,(anonymous_1)
FNDA:3,(anonymous_2)
FNDA:14,(anonymous_3)
FNDA:5,(anonymous_4)
DA:1,1
DA:2,1
DA:4,1
DA:7,1
DA:8,55
DA:10,55
DA:11,54
DA:13,1
DA:18,1
DA:19,3
DA:22,1
DA:23,14
DA:26,1
DA:27,5
LF:14
LH:14
BRDA:10,1,0,54
BRDA:10,1,1,1
BRF:2
BRH:2
end_of_record
TN:
SF:/Users/qiuhong/Desktop/nodeclub-master/common/render_helper.js
FN:31,(anonymous_1)
FN:41,(anonymous_2)
FN:50,(anonymous_3)
FN:58,(anonymous_4)
FN:62,(anonymous_5)
FN:63,(anonymous_6)
FN:68,(anonymous_7)
FN:75,(anonymous_8)
FN:76,(anonymous_9)
FN:84,(anonymous_10)
FNF:10
FNH:10
FNDA:1,(anonymous_1)
FNDA:1,(anonymous_2)
FNDA:2,(anonymous_3)
FNDA:46,(anonymous_4)
FNDA:4,(anonymous_5)
FNDA:5,(anonymous_6)
FNDA:278,(anonymous_7)
FNDA:4,(anonymous_8)
FNDA:10,(anonymous_9)
FNDA:93,(anonymous_10)
DA:13,1
DA:14,1
DA:15,1
DA:16,1
DA:17,1
DA:18,1
DA:21,1
DA:23,1
DA:31,1
DA:32,1
DA:33,1
DA:34,1
DA:36,1
DA:41,1
DA:42,1
DA:44,1
DA:49,1
DA:52,2
DA:53,2
DA:58,1
DA:59,46
DA:62,1
DA:63,4
DA:64,5
DA:68,1
DA:69,278
DA:70,0
DA:72,278
DA:75,1
DA:76,4
DA:77,10
DA:79,4
DA:80,1
DA:84,1
DA:85,93
DA:91,1
DA:92,1
LF:37
LH:36
BRDA:33,1,0,1
BRDA:33,1,1,1
BRDA:33,1,2,0
BRDA:52,2,0,2
BRDA:52,2,1,0
BRDA:52,3,0,2
BRDA:52,3,1,2
BRDA:59,4,0,46
BRDA:59,4,1,1
BRDA:69,5,0,0
BRDA:69,5,1,278
BRDA:69,6,0,278
BRDA:69,6,1,278
BRDA:79,7,0,1
BRDA:79,7,1,3
BRF:15
BRH:12
end_of_record
TN:
SF:/Users/qiuhong/Desktop/nodeclub-master/models/topic.js
FN:32,(anonymous_1)
FN:34,(anonymous_2)
FNF:2
FNH:2
FNDA:78,(anonymous_1)
FNDA:78,(anonymous_2)
DA:1,1
DA:2,1
DA:3,1
DA:4,1
DA:5,1
DA:6,1
DA:8,1
DA:27,1
DA:28,1
DA:29,1
DA:30,1
DA:32,1
DA:33,78
DA:34,78
DA:35,78
DA:38,78
DA:39,78
DA:41,0
DA:45,1
LF:19
LH:18
BRDA:38,1,0,78
BRDA:38,1,1,0
BRF:2
BRH:1
end_of_record
TN:
SF:/Users/qiuhong/Desktop/nodeclub-master/models/reply.js
FNF:0
FNH:0
DA:1,1
DA:2,1
DA:3,1
DA:4,1
DA:6,1
DA:18,1
DA:19,1
DA:20,1
DA:22,1
LF:9
LH:9
BRF:0
BRH:0
end_of_record
TN:
SF:/Users/qiuhong/Desktop/nodeclub-master/models/topic_collect.js
FNF:0
FNH:0
DA:1,1
DA:2,1
DA:3,1
DA:4,1
DA:6,1
DA:12,1
DA:13,1
DA:15,1
LF:8
LH:8
BRF:0
BRH:0
end_of_record
TN:
SF:/Users/qiuhong/Desktop/nodeclub-master/models/message.js
FNF:0
FNH:0
DA:1,1
DA:2,1
DA:3,1
DA:4,1
DA:14,1
DA:23,1
DA:24,1
DA:26,1
LF:8
LH:8
BRF:0
BRH:0
end_of_record
TN:
SF:/Users/qiuhong/Desktop/nodeclub-master/proxy/topic.js
FN:21,(anonymous_1)
FN:24,(anonymous_2)
FN:31,(anonymous_3)
FN:43,(anonymous_4)
FN:60,(anonymous_5)
FN:73,(anonymous_6)
FN:75,(anonymous_7)
FN:84,(anonymous_8)
FN:90,(anonymous_9)
FN:92,(anonymous_10)
FN:112,(anonymous_11)
FN:127,(anonymous_12)
FN:131,(anonymous_13)
FN:136,(anonymous_14)
FN:141,(anonymous_15)
FN:146,(anonymous_16)
FN:164,(anonymous_17)
FN:165,(anonymous_18)
FN:181,(anonymous_19)
FN:190,(anonymous_20)
FN:191,(anonymous_21)
FN:201,(anonymous_22)
FN:218,(anonymous_23)
FNF:23
FNH:23
FNDA:8,(anonymous_1)
FNDA:8,(anonymous_2)
FNDA:8,(anonymous_3)
FNDA:2,(anonymous_4)
FNDA:4,(anonymous_5)
FNDA:17,(anonymous_6)
FNDA:17,(anonymous_7)
FNDA:10,(anonymous_8)
FNDA:67,(anonymous_9)
FNDA:67,(anonymous_10)
FNDA:1,(anonymous_11)
FNDA:12,(anonymous_12)
FNDA:11,(anonymous_13)
FNDA:12,(anonymous_14)
FNDA:11,(anonymous_15)
FNDA:11,(anonymous_16)
FNDA:4,(anonymous_17)
FNDA:4,(anonymous_18)
FNDA:23,(anonymous_19)
FNDA:1,(anonymous_20)
FNDA:1,(anonymous_21)
FNDA:1,(anonymous_22)
FNDA:8,(anonymous_23)
DA:1,1
DA:2,1
DA:3,1
DA:4,1
DA:5,1
DA:6,1
DA:7,1
DA:8,1
DA:21,1
DA:22,8
DA:23,8
DA:24,8
DA:25,8
DA:26,0
DA:28,8
DA:31,8
DA:32,8
DA:33,0
DA:34,0
DA:35,0
DA:36,0
DA:38,8
DA:40,8
DA:42,8
DA:43,2
DA:44,2
DA:47,6
DA:60,1
DA:61,4
DA:73,1
DA:74,17
DA:75,17
DA:76,17
DA:77,0
DA:79,17
DA:80,7
DA:83,10
DA:84,10
DA:85,10
DA:86,10
DA:88,10
DA:90,10
DA:91,67
DA:92,67
DA:95,67
DA:96,67
DA:97,67
DA:99,0
DA:101,67
DA:104,67
DA:106,67
DA:112,1
DA:113,1
DA:127,1
DA:128,12
DA:129,12
DA:130,12
DA:132,11
DA:136,12
DA:137,12
DA:138,1
DA:139,1
DA:141,11
DA:142,11
DA:143,11
DA:146,11
DA:147,11
DA:148,0
DA:149,0
DA:151,11
DA:154,11
DA:164,1
DA:165,4
DA:166,4
DA:167,0
DA:169,4
DA:170,4
DA:171,4
DA:172,4
DA:181,1
DA:182,23
DA:190,1
DA:191,1
DA:192,1
DA:193,0
DA:196,1
DA:197,0
DA:199,1
DA:201,1
DA:202,1
DA:203,0
DA:206,1
DA:207,1
DA:209,0
DA:212,1
DA:218,1
DA:219,8
DA:220,8
DA:221,8
DA:222,8
DA:223,8
DA:225,8
LF:102
LH:88
BRDA:25,1,0,0
BRDA:25,1,1,8
BRDA:32,2,0,0
BRDA:32,2,1,8
BRDA:42,3,0,2
BRDA:42,3,1,6
BRDA:76,4,0,0
BRDA:76,4,1,17
BRDA:79,5,0,7
BRDA:79,5,1,10
BRDA:95,6,0,67
BRDA:95,6,1,0
BRDA:137,7,0,1
BRDA:137,7,1,11
BRDA:147,8,0,0
BRDA:147,8,1,11
BRDA:166,9,0,0
BRDA:166,9,1,4
BRDA:166,10,0,4
BRDA:166,10,1,4
BRDA:192,11,0,0
BRDA:192,11,1,1
BRDA:196,12,0,0
BRDA:196,12,1,1
BRDA:202,13,0,0
BRDA:202,13,1,1
BRDA:206,14,0,1
BRDA:206,14,1,0
BRF:28
BRH:18
end_of_record
TN:
SF:/Users/qiuhong/Desktop/nodeclub-master/proxy/reply.js
FN:13,(anonymous_1)
FN:25,(anonymous_2)
FN:29,(anonymous_3)
FN:38,(anonymous_4)
FN:47,(anonymous_5)
FN:66,(anonymous_6)
FN:67,(anonymous_7)
FN:76,(anonymous_8)
FN:80,(anonymous_9)
FN:82,(anonymous_10)
FN:90,(anonymous_11)
FN:111,(anonymous_12)
FN:124,(anonymous_13)
FN:134,(anonymous_14)
FN:138,(anonymous_15)
FN:147,(anonymous_16)
FNF:16
FNH:16
FNDA:2,(anonymous_1)
FNDA:80,(anonymous_2)
FNDA:32,(anonymous_3)
FNDA:31,(anonymous_4)
FNDA:31,(anonymous_5)
FNDA:11,(anonymous_6)
FNDA:11,(anonymous_7)
FNDA:6,(anonymous_8)
FNDA:6,(anonymous_9)
FNDA:6,(anonymous_10)
FNDA:6,(anonymous_11)
FNDA:6,(anonymous_12)
FNDA:6,(anonymous_13)
FNDA:1,(anonymous_14)
FNDA:3,(anonymous_15)
FNDA:1,(anonymous_16)
DA:1,1
DA:2,1
DA:3,1
DA:4,1
DA:5,1
DA:6,1
DA:13,1
DA:14,2
DA:25,1
DA:26,80
DA:27,48
DA:29,32
DA:30,32
DA:31,0
DA:33,32
DA:34,1
DA:37,31
DA:38,31
DA:39,31
DA:40,0
DA:42,31
DA:44,31
DA:45,0
DA:47,31
DA:48,31
DA:49,0
DA:51,31
DA:52,31
DA:66,1
DA:67,11
DA:68,11
DA:69,0
DA:71,11
DA:72,5
DA:75,6
DA:76,6
DA:77,6
DA:79,6
DA:80,6
DA:81,6
DA:82,6
DA:83,6
DA:84,0
DA:86,6
DA:87,6
DA:88,0
DA:90,6
DA:91,6
DA:92,0
DA:94,6
DA:95,6
DA:111,1
DA:112,6
DA:113,2
DA:114,2
DA:116,6
DA:117,6
DA:118,6
DA:119,6
DA:121,6
DA:122,0
DA:124,6
DA:125,6
DA:134,1
DA:135,1
DA:138,1
DA:139,3
DA:140,0
DA:141,0
DA:143,3
DA:147,1
DA:148,1
LF:72
LH:61
BRDA:26,1,0,48
BRDA:26,1,1,32
BRDA:30,2,0,0
BRDA:30,2,1,32
BRDA:33,3,0,1
BRDA:33,3,1,31
BRDA:39,4,0,0
BRDA:39,4,1,31
BRDA:44,5,0,0
BRDA:44,5,1,31
BRDA:48,6,0,0
BRDA:48,6,1,31
BRDA:68,7,0,0
BRDA:68,7,1,11
BRDA:71,8,0,5
BRDA:71,8,1,6
BRDA:83,9,0,0
BRDA:83,9,1,6
BRDA:86,10,0,6
BRDA:86,10,1,0
BRDA:87,11,0,0
BRDA:87,11,1,6
BRDA:91,12,0,0
BRDA:91,12,1,6
BRDA:112,13,0,2
BRDA:112,13,1,4
BRDA:121,14,0,0
BRDA:121,14,1,6
BRDA:139,15,0,0
BRDA:139,15,1,3
BRF:30
BRH:19
end_of_record
TN:
SF:/Users/qiuhong/Desktop/nodeclub-master/common/at.js
FN:22,(anonymous_1)
FN:36,(anonymous_2)
FN:65,(anonymous_3)
FN:72,(anonymous_4)
FN:79,(anonymous_5)
FN:83,(anonymous_6)
FN:87,(anonymous_7)
FN:101,(anonymous_8)
FNF:8
FNH:8
FNDA:87,(anonymous_1)
FNDA:516,(anonymous_2)
FNDA:12,(anonymous_3)
FNDA:12,(anonymous_4)
FNDA:5,(anonymous_5)
FNDA:11,(anonymous_6)
FNDA:3,(anonymous_7)
FNDA:73,(anonymous_8)
DA:12,1
DA:13,1
DA:14,1
DA:15,1
DA:22,1
DA:23,87
DA:24,1
DA:27,86
DA:36,86
DA:37,516
DA:40,86
DA:41,86
DA:42,86
DA:43,5
DA:44,37
DA:46,37
DA:47,37
DA:50,86
DA:51,86
DA:53,1
DA:65,1
DA:66,12
DA:67,4
DA:68,4
DA:70,12
DA:72,12
DA:73,12
DA:74,0
DA:76,12
DA:77,12
DA:79,12
DA:80,5
DA:83,12
DA:84,11
DA:87,12
DA:88,3
DA:101,1
DA:102,73
DA:103,73
DA:104,12
DA:105,12
DA:107,73
DA:108,24
DA:110,49
LF:44
LH:43
BRDA:23,1,0,1
BRDA:23,1,1,86
BRDA:42,2,0,5
BRDA:42,2,1,81
BRDA:66,3,0,4
BRDA:66,3,1,8
BRDA:70,4,0,12
BRDA:70,4,1,8
BRDA:73,5,0,0
BRDA:73,5,1,12
BRDA:73,6,0,12
BRDA:73,6,1,12
BRDA:107,7,0,24
BRDA:107,7,1,49
BRF:14
BRH:13
end_of_record
TN:
SF:/Users/qiuhong/Desktop/nodeclub-master/proxy/index.js
FNF:0
FNH:0
DA:1,1
DA:2,1
DA:3,1
DA:4,1
DA:5,1
LF:5
LH:5
BRF:0
BRH:0
end_of_record
TN:
SF:/Users/qiuhong/Desktop/nodeclub-master/proxy/message.js
FN:19,(anonymous_1)
FN:32,(anonymous_2)
FN:33,(anonymous_3)
FN:41,(anonymous_4)
FN:45,(anonymous_5)
FN:70,(anonymous_6)
FN:83,(anonymous_7)
FN:92,(anonymous_8)
FN:98,(anonymous_9)
FN:110,(anonymous_10)
FNF:10
FNH:7
FNDA:1,(anonymous_1)
FNDA:0,(anonymous_2)
FNDA:0,(anonymous_3)
FNDA:5,(anonymous_4)
FNDA:5,(anonymous_5)
FNDA:4,(anonymous_6)
FNDA:6,(anonymous_7)
FNDA:3,(anonymous_8)
FNDA:2,(anonymous_9)
FNDA:0,(anonymous_10)
DA:1,1
DA:2,1
DA:4,1
DA:6,1
DA:7,1
DA:8,1
DA:19,1
DA:20,1
DA:32,1
DA:33,0
DA:34,0
DA:35,0
DA:37,0
DA:41,1
DA:42,5
DA:43,5
DA:44,5
DA:45,5
DA:46,5
DA:47,5
DA:48,5
DA:49,5
DA:50,0
DA:52,5
DA:54,5
DA:55,5
DA:56,5
DA:58,0
DA:70,1
DA:71,4
DA:83,1
DA:84,6
DA:92,1
DA:93,3
DA:94,3
DA:95,1
DA:98,2
DA:99,2
DA:102,2
DA:103,2
DA:110,1
DA:111,0
DA:112,0
DA:113,0
DA:115,0
DA:116,0
LF:46
LH:35
BRDA:34,1,0,0
BRDA:34,1,1,0
BRDA:42,2,0,5
BRDA:42,2,1,0
BRDA:42,3,0,5
BRDA:42,3,1,2
BRDA:42,3,2,2
BRDA:49,4,0,0
BRDA:49,4,1,5
BRDA:49,5,0,5
BRDA:49,5,1,5
BRDA:93,6,0,3
BRDA:93,6,1,3
BRDA:94,7,0,1
BRDA:94,7,1,2
BRDA:111,8,0,0
BRDA:111,8,1,0
BRDA:112,9,0,0
BRDA:112,9,1,0
BRF:19
BRH:11
end_of_record
TN:
SF:/Users/qiuhong/Desktop/nodeclub-master/proxy/topic_collect.js
FN:4,(anonymous_1)
FN:8,(anonymous_2)
FN:14,(anonymous_3)
FN:21,(anonymous_4)
FNF:4
FNH:4
FNDA:9,(anonymous_1)
FNDA:4,(anonymous_2)
FNDA:2,(anonymous_3)
FNDA:4,(anonymous_4)
DA:1,1
DA:2,1
DA:4,1
DA:5,9
DA:8,1
DA:9,4
DA:10,4
DA:11,4
DA:14,1
DA:15,2
DA:16,2
DA:17,2
DA:18,2
DA:21,1
DA:22,4
LF:15
LH:15
BRF:0
BRH:0
end_of_record
TN:
SF:/Users/qiuhong/Desktop/nodeclub-master/common/message.js
FN:8,(anonymous_1)
FN:21,(anonymous_2)
FN:26,(anonymous_3)
FN:39,(anonymous_4)
FNF:4
FNH:4
FNDA:2,(anonymous_1)
FNDA:2,(anonymous_2)
FNDA:1,(anonymous_3)
FNDA:1,(anonymous_4)
DA:1,1
DA:2,1
DA:3,1
DA:4,1
DA:5,1
DA:6,1
DA:8,1
DA:9,2
DA:10,2
DA:11,2
DA:13,2
DA:14,2
DA:15,2
DA:16,2
DA:17,2
DA:18,2
DA:20,2
DA:21,2
DA:22,2
DA:26,1
DA:27,1
DA:28,1
DA:29,1
DA:31,1
DA:32,1
DA:33,1
DA:34,1
DA:35,1
DA:36,1
DA:38,1
DA:39,1
DA:40,1
LF:32
LH:32
BRDA:9,1,0,2
BRDA:9,1,1,0
BRDA:27,2,0,1
BRDA:27,2,1,0
BRF:4
BRH:2
end_of_record
TN:
SF:/Users/qiuhong/Desktop/nodeclub-master/app.js
FN:111,(anonymous_1)
FN:114,(anonymous_2)
FN:124,(anonymous_3)
FN:148,(anonymous_4)
FN:167,(anonymous_5)
FN:174,(anonymous_6)
FNF:6
FNH:1
FNDA:0,(anonymous_1)
FNDA:0,(anonymous_2)
FNDA:0,(anonymous_3)
FNDA:147,(anonymous_4)
FNDA:0,(anonymous_5)
FNDA:0,(anonymous_6)
DA:9,1
DA:11,1
DA:12,0
DA:15,1
DA:16,1
DA:17,1
DA:18,1
DA:19,1
DA:20,1
DA:21,1
DA:22,1
DA:23,1
DA:24,1
DA:25,1
DA:26,1
DA:27,1
DA:28,1
DA:29,1
DA:30,1
DA:31,1
DA:32,1
DA:33,1
DA:34,1
DA:35,1
DA:36,1
DA:37,1
DA:38,1
DA:39,1
DA:40,1
DA:41,1
DA:42,1
DA:43,1
DA:47,1
DA:49,1
DA:51,1
DA:52,0
DA:53,0
DA:55,0
DA:56,0
DA:60,1
DA:61,1
DA:63,1
DA:66,1
DA:67,1
DA:68,1
DA:69,1
DA:70,1
DA:73,1
DA:75,1
DA:77,1
DA:81,1
DA:82,1
DA:84,1
DA:85,1
DA:88,1
DA:89,1
DA:90,1
DA:91,1
DA:92,1
DA:93,1
DA:94,1
DA:95,1
DA:108,1
DA:111,1
DA:112,0
DA:114,1
DA:115,0
DA:117,1
DA:120,1
DA:121,1
DA:123,1
DA:124,0
DA:125,0
DA:126,0
DA:127,0
DA:129,0
DA:131,0
DA:140,1
DA:146,1
DA:147,1
DA:148,1
DA:149,147
DA:150,147
DA:153,1
DA:160,1
DA:161,1
DA:164,1
DA:165,1
DA:167,0
DA:168,0
DA:169,0
DA:173,1
DA:174,0
DA:175,0
DA:176,0
DA:177,0
DA:178,0
DA:182,1
LF:98
LH:77
BRDA:11,1,0,0
BRDA:11,1,1,1
BRDA:11,2,0,1
BRDA:11,2,1,0
BRDA:51,3,0,0
BRDA:51,3,1,1
BRDA:61,4,0,1
BRDA:61,4,1,0
BRDA:75,5,0,1
BRDA:75,5,1,0
BRDA:81,6,0,1
BRDA:81,6,1,0
BRDA:123,7,0,0
BRDA:123,7,1,1
BRDA:125,8,0,0
BRDA:125,8,1,0
BRDA:125,9,0,0
BRDA:125,9,1,0
BRDA:149,10,0,0
BRDA:149,10,1,147
BRDA:164,11,0,1
BRDA:164,11,1,0
BRDA:173,12,0,0
BRDA:173,12,1,1
BRF:24
BRH:10
end_of_record
TN:
SF:/Users/qiuhong/Desktop/nodeclub-master/middlewares/mongoose_log.js
FN:6,(anonymous_1)
FN:7,(anonymous_2)
FNF:2
FNH:2
FNDA:390,(anonymous_1)
FNDA:390,(anonymous_2)
DA:1,1
DA:2,1
DA:3,1
DA:5,1
DA:6,1
DA:7,390
DA:8,390
DA:9,0
DA:11,390
DA:12,390
DA:13,390
DA:14,390
DA:16,390
DA:20,1
LF:14
LH:13
BRDA:5,1,0,1
BRDA:5,1,1,0
BRDA:8,2,0,0
BRDA:8,2,1,390
BRF:4
BRH:2
end_of_record
TN:
SF:/Users/qiuhong/Desktop/nodeclub-master/middlewares/github_strategy.js
FN:1,(anonymous_1)
FNF:1
FNH:0
FNDA:0,(anonymous_1)
DA:1,1
DA:2,0
DA:3,0
LF:3
LH:1
BRF:0
BRH:0
end_of_record
TN:
SF:/Users/qiuhong/Desktop/nodeclub-master/web_router.js
FN:43,(anonymous_1)
FN:123,(anonymous_2)
FNF:2
FNH:0
FNDA:0,(anonymous_1)
FNDA:0,(anonymous_2)
DA:11,1
DA:12,1
DA:13,1
DA:14,1
DA:15,1
DA:16,1
DA:17,1
DA:18,1
DA:19,1
DA:20,1
DA:21,1
DA:22,1
DA:23,1
DA:24,1
DA:25,1
DA:26,1
DA:28,1
DA:31,1
DA:33,1
DA:35,1
DA:38,1
DA:39,1
DA:40,1
DA:43,0
DA:44,0
DA:47,1
DA:48,1
DA:49,1
DA:50,1
DA:52,1
DA:53,1
DA:54,1
DA:55,1
DA:58,1
DA:59,1
DA:60,1
DA:61,1
DA:62,1
DA:63,1
DA:64,1
DA:65,1
DA:66,1
DA:67,1
DA:68,1
DA:69,1
DA:72,1
DA:77,1
DA:79,1
DA:80,1
DA:81,1
DA:82,1
DA:83,1
DA:85,1
DA:88,1
DA:90,1
DA:91,1
DA:92,1
DA:95,1
DA:96,1
DA:97,1
DA:98,1
DA:99,1
DA:100,1
DA:103,1
DA:104,1
DA:105,1
DA:106,1
DA:107,1
DA:110,1
DA:113,1
DA:114,1
DA:117,1
DA:118,1
DA:120,1
DA:122,1
DA:123,0
DA:124,0
DA:129,1
LF:78
LH:74
BRDA:38,1,0,1
BRDA:38,1,1,0
BRDA:122,2,0,0
BRDA:122,2,1,1
BRF:4
BRH:2
end_of_record
TN:
SF:/Users/qiuhong/Desktop/nodeclub-master/controllers/sign.js
FN:12,(anonymous_1)
FN:16,(anonymous_2)
FN:24,(anonymous_3)
FN:30,(anonymous_4)
FN:53,(anonymous_5)
FN:62,(anonymous_6)
FN:65,(anonymous_7)
FN:86,(anonymous_8)
FN:109,(anonymous_9)
FN:128,(anonymous_10)
FN:133,(anonymous_11)
FN:141,(anonymous_12)
FN:167,(anonymous_13)
FN:173,(anonymous_14)
FN:177,(anonymous_15)
FN:192,(anonymous_16)
FN:201,(anonymous_17)
FN:205,(anonymous_18)
FN:215,(anonymous_19)
FN:222,(anonymous_20)
FN:241,(anonymous_21)
FN:245,(anonymous_22)
FN:260,(anonymous_23)
FN:272,(anonymous_24)
FN:276,(anonymous_25)
FN:282,(anonymous_26)
FNF:26
FNH:22
FNDA:1,(anonymous_1)
FNDA:3,(anonymous_2)
FNDA:2,(anonymous_3)
FNDA:12,(anonymous_4)
FNDA:2,(anonymous_5)
FNDA:1,(anonymous_6)
FNDA:1,(anonymous_7)
FNDA:1,(anonymous_8)
FNDA:3,(anonymous_9)
FNDA:0,(anonymous_10)
FNDA:2,(anonymous_11)
FNDA:2,(anonymous_12)
FNDA:1,(anonymous_13)
FNDA:1,(anonymous_14)
FNDA:1,(anonymous_15)
FNDA:1,(anonymous_16)
FNDA:1,(anonymous_17)
FNDA:1,(anonymous_18)
FNDA:1,(anonymous_19)
FNDA:1,(anonymous_20)
FNDA:2,(anonymous_21)
FNDA:2,(anonymous_22)
FNDA:1,(anonymous_23)
FNDA:0,(anonymous_24)
FNDA:0,(anonymous_25)
FNDA:0,(anonymous_26)
DA:1,1
DA:2,1
DA:3,1
DA:4,1
DA:5,1
DA:6,1
DA:7,1
DA:8,1
DA:9,1
DA:12,1
DA:13,1
DA:16,1
DA:17,3
DA:18,3
DA:19,3
DA:20,3
DA:22,3
DA:23,3
DA:24,3
DA:25,2
DA:26,2
DA:30,12
DA:31,0
DA:32,0
DA:34,3
DA:35,0
DA:36,0
DA:38,3
DA:39,0
DA:41,3
DA:42,1
DA:44,2
DA:45,0
DA:50,2
DA:54,2
DA:55,0
DA:57,2
DA:58,1
DA:59,1
DA:62,1
DA:64,1
DA:65,1
DA:66,1
DA:67,0
DA:70,1
DA:71,1
DA:86,1
DA:87,1
DA:88,1
DA:95,1
DA:109,1
DA:110,3
DA:111,3
DA:112,3
DA:114,3
DA:116,3
DA:117,1
DA:118,1
DA:121,2
DA:122,2
DA:123,0
DA:125,2
DA:128,2
DA:129,0
DA:130,0
DA:133,2
DA:134,2
DA:135,0
DA:137,2
DA:138,0
DA:140,2
DA:141,2
DA:142,2
DA:143,0
DA:145,2
DA:147,1
DA:148,1
DA:149,1
DA:152,1
DA:154,1
DA:155,1
DA:156,4
DA:157,0
DA:158,0
DA:161,1
DA:167,1
DA:168,1
DA:169,1
DA:170,1
DA:173,1
DA:174,1
DA:175,1
DA:177,1
DA:178,1
DA:179,0
DA:181,1
DA:182,0
DA:184,1
DA:185,1
DA:186,0
DA:188,1
DA:189,0
DA:191,1
DA:192,1
DA:193,1
DA:194,0
DA:196,1
DA:201,1
DA:202,1
DA:205,1
DA:206,1
DA:207,1
DA:208,0
DA:212,1
DA:213,1
DA:215,1
DA:216,1
DA:217,0
DA:218,0
DA:220,1
DA:221,1
DA:222,1
DA:223,1
DA:224,0
DA:227,1
DA:228,0
DA:241,1
DA:242,2
DA:243,2
DA:245,2
DA:246,2
DA:247,2
DA:248,2
DA:250,0
DA:251,0
DA:252,0
DA:253,0
DA:254,0
DA:256,0
DA:260,1
DA:261,1
DA:262,1
DA:263,1
DA:264,0
DA:266,0
DA:267,0
DA:269,0
DA:270,0
DA:272,0
DA:273,0
DA:274,0
DA:276,0
DA:277,0
DA:278,0
DA:279,0
DA:280,0
DA:282,0
DA:283,0
DA:284,0
DA:286,0
LF:160
LH:111
BRDA:30,1,0,0
BRDA:30,1,1,3
BRDA:34,2,0,0
BRDA:34,2,1,3
BRDA:38,3,0,0
BRDA:38,3,1,3
BRDA:41,4,0,1
BRDA:41,4,1,2
BRDA:44,5,0,0
BRDA:44,5,1,2
BRDA:54,6,0,0
BRDA:54,6,1,2
BRDA:57,7,0,1
BRDA:57,7,1,1
BRDA:66,8,0,0
BRDA:66,8,1,1
BRDA:116,9,0,1
BRDA:116,9,1,2
BRDA:116,10,0,3
BRDA:116,10,1,3
BRDA:122,11,0,0
BRDA:122,11,1,2
BRDA:134,12,0,0
BRDA:134,12,1,2
BRDA:137,13,0,0
BRDA:137,13,1,2
BRDA:142,14,0,0
BRDA:142,14,1,2
BRDA:145,15,0,1
BRDA:145,15,1,1
BRDA:154,16,0,1
BRDA:154,16,1,1
BRDA:156,17,0,0
BRDA:156,17,1,4
BRDA:178,18,0,0
BRDA:178,18,1,1
BRDA:181,19,0,0
BRDA:181,19,1,1
BRDA:185,20,0,0
BRDA:185,20,1,1
BRDA:185,21,0,1
BRDA:185,21,1,1
BRDA:188,22,0,0
BRDA:188,22,1,1
BRDA:193,23,0,0
BRDA:193,23,1,1
BRDA:207,24,0,0
BRDA:207,24,1,1
BRDA:216,25,0,0
BRDA:216,25,1,1
BRDA:223,26,0,0
BRDA:223,26,1,1
BRDA:242,27,0,2
BRDA:242,27,1,1
BRDA:243,28,0,2
BRDA:243,28,1,0
BRDA:246,29,0,2
BRDA:246,29,1,0
BRDA:252,30,0,0
BRDA:252,30,1,0
BRDA:252,31,0,0
BRDA:252,31,1,0
BRDA:261,32,0,1
BRDA:261,32,1,0
BRDA:262,33,0,1
BRDA:262,33,1,0
BRDA:263,34,0,1
BRDA:263,34,1,0
BRDA:264,35,0,0
BRDA:264,35,1,0
BRDA:269,36,0,0
BRDA:269,36,1,0
BRDA:273,37,0,0
BRDA:273,37,1,0
BRDA:283,38,0,0
BRDA:283,38,1,0
BRF:76
BRH:40
end_of_record
TN:
SF:/Users/qiuhong/Desktop/nodeclub-master/common/mail.js
FN:14,(anonymous_1)
FN:20,(anonymous_2)
FN:21,(anonymous_3)
FN:29,(anonymous_4)
FN:44,(anonymous_5)
FN:67,(anonymous_6)
FNF:6
FNH:6
FNDA:3,(anonymous_1)
FNDA:3,(anonymous_2)
FNDA:3,(anonymous_3)
FNDA:3,(anonymous_4)
FNDA:3,(anonymous_5)
FNDA:2,(anonymous_6)
DA:1,1
DA:2,1
DA:3,1
DA:4,1
DA:5,1
DA:6,1
DA:7,1
DA:8,1
DA:14,1
DA:20,3
DA:21,3
DA:22,3
DA:24,0
DA:25,0
DA:27,3
DA:30,3
DA:31,0
DA:33,3
DA:36,1
DA:44,1
DA:45,3
DA:46,3
DA:47,3
DA:48,3
DA:53,3
DA:67,1
DA:68,2
DA:69,2
DA:70,2
DA:71,2
DA:77,2
LF:31
LH:28
BRDA:22,1,0,0
BRDA:22,1,1,3
BRDA:30,2,0,0
BRDA:30,2,1,3
BRF:4
BRH:2
end_of_record
TN:
SF:/Users/qiuhong/Desktop/nodeclub-master/middlewares/auth.js
FN:11,(anonymous_1)
FN:26,(anonymous_2)
FN:34,(anonymous_3)
FN:35,(anonymous_4)
FN:48,gen_session
FN:62,(anonymous_6)
FN:78,(anonymous_7)
FN:88,(anonymous_8)
FNF:8
FNH:6
FNDA:13,(anonymous_1)
FNDA:35,(anonymous_2)
FNDA:1,(anonymous_3)
FNDA:147,(anonymous_4)
FNDA:4,gen_session
FNDA:147,(anonymous_6)
FNDA:0,(anonymous_7)
FNDA:0,(anonymous_8)
DA:1,1
DA:2,1
DA:3,1
DA:4,1
DA:5,1
DA:6,1
DA:11,1
DA:12,13
DA:13,0
DA:16,13
DA:17,0
DA:20,13
DA:26,1
DA:27,35
DA:28,3
DA:31,32
DA:34,1
DA:35,1
DA:36,147
DA:37,1
DA:40,146
DA:41,0
DA:43,146
DA:48,1
DA:49,4
DA:50,4
DA:56,4
DA:59,1
DA:62,1
DA:63,147
DA:64,147
DA:67,147
DA:69,147
DA:70,46
DA:71,46
DA:72,46
DA:73,13
DA:75,46
DA:78,101
DA:79,0
DA:80,0
DA:82,0
DA:84,0
DA:85,0
DA:88,0
DA:89,0
DA:90,0
DA:94,101
DA:95,0
DA:97,101
DA:98,101
DA:99,101
DA:102,0
DA:103,0
DA:104,0
LF:55
LH:40
BRDA:12,1,0,0
BRDA:12,1,1,13
BRDA:16,2,0,0
BRDA:16,2,1,13
BRDA:27,3,0,3
BRDA:27,3,1,32
BRDA:27,4,0,35
BRDA:27,4,1,35
BRDA:27,4,2,32
BRDA:36,5,0,1
BRDA:36,5,1,146
BRDA:40,6,0,0
BRDA:40,6,1,146
BRDA:40,7,0,146
BRDA:40,7,1,46
BRDA:40,7,2,0
BRDA:69,8,0,46
BRDA:69,8,1,101
BRDA:69,9,0,147
BRDA:69,9,1,147
BRDA:72,10,0,13
BRDA:72,10,1,33
BRDA:79,11,0,0
BRDA:79,11,1,0
BRDA:84,12,0,0
BRDA:84,12,1,0
BRDA:94,13,0,0
BRDA:94,13,1,101
BRDA:98,14,0,101
BRDA:98,14,1,0
BRF:30
BRH:20
end_of_record
TN:
SF:/Users/qiuhong/Desktop/nodeclub-master/controllers/site.js
FN:22,(anonymous_1)
FN:47,(anonymous_2)
FN:52,(anonymous_3)
FN:59,(anonymous_4)
FN:69,(anonymous_5)
FN:76,(anonymous_6)
FN:86,(anonymous_7)
FN:90,(anonymous_8)
FN:101,(anonymous_9)
FN:116,(anonymous_10)
FN:124,(anonymous_11)
FN:129,(anonymous_12)
FN:133,(anonymous_13)
FN:137,(anonymous_14)
FN:150,(anonymous_15)
FNF:15
FNH:15
FNDA:3,(anonymous_1)
FNDA:3,(anonymous_2)
FNDA:3,(anonymous_3)
FNDA:1,(anonymous_4)
FNDA:3,(anonymous_5)
FNDA:1,(anonymous_6)
FNDA:3,(anonymous_7)
FNDA:3,(anonymous_8)
FNDA:3,(anonymous_9)
FNDA:1,(anonymous_10)
FNDA:1,(anonymous_11)
FNDA:1,(anonymous_12)
FNDA:1,(anonymous_13)
FNDA:13,(anonymous_14)
FNDA:1,(anonymous_15)
DA:12,1
DA:13,1
DA:14,1
DA:15,1
DA:16,1
DA:17,1
DA:18,1
DA:19,1
DA:20,1
DA:22,1
DA:23,3
DA:24,3
DA:25,3
DA:27,3
DA:28,3
DA:31,3
DA:34,3
DA:35,3
DA:37,0
DA:38,0
DA:40,0
DA:44,3
DA:45,3
DA:47,3
DA:48,3
DA:52,3
DA:53,3
DA:54,2
DA:56,1
DA:60,1
DA:61,1
DA:69,3
DA:70,3
DA:71,2
DA:73,1
DA:77,1
DA:78,1
DA:85,3
DA:86,3
DA:87,3
DA:88,0
DA:90,3
DA:91,3
DA:92,3
DA:93,3
DA:99,3
DA:100,3
DA:102,3
DA:116,1
DA:117,1
DA:119,1
DA:121,1
DA:122,1
DA:124,1
DA:125,1
DA:126,1
DA:129,1
DA:130,1
DA:131,0
DA:133,1
DA:134,1
DA:135,0
DA:137,1
DA:138,13
DA:141,1
DA:143,1
DA:144,1
DA:150,1
DA:151,1
LF:69
LH:63
BRDA:23,1,0,3
BRDA:23,1,1,2
BRDA:24,2,0,2
BRDA:24,2,1,1
BRDA:25,3,0,3
BRDA:25,3,1,3
BRDA:34,4,0,3
BRDA:34,4,1,0
BRDA:34,5,0,3
BRDA:34,5,1,3
BRDA:37,6,0,0
BRDA:37,6,1,0
BRDA:53,7,0,2
BRDA:53,7,1,1
BRDA:70,8,0,2
BRDA:70,8,1,1
BRDA:87,9,0,0
BRDA:87,9,1,3
BRDA:111,10,0,3
BRDA:111,10,1,0
BRDA:130,11,0,0
BRDA:130,11,1,1
BRDA:134,12,0,0
BRDA:134,12,1,1
BRF:24
BRH:17
end_of_record
TN:
SF:/Users/qiuhong/Desktop/nodeclub-master/common/cache.js
FN:5,(anonymous_1)
FN:7,(anonymous_2)
FN:24,(anonymous_3)
FNF:3
FNH:3
FNDA:38,(anonymous_1)
FNDA:38,(anonymous_2)
FNDA:30,(anonymous_3)
DA:1,1
DA:2,1
DA:3,1
DA:5,1
DA:6,38
DA:7,38
DA:8,38
DA:9,0
DA:11,38
DA:12,12
DA:14,26
DA:15,26
DA:16,26
DA:17,26
DA:21,1
DA:24,1
DA:25,30
DA:27,30
DA:28,1
DA:29,1
DA:31,30
DA:32,30
DA:34,30
DA:35,1
DA:37,29
DA:39,30
DA:40,30
DA:43,1
LF:28
LH:27
BRDA:8,1,0,0
BRDA:8,1,1,38
BRDA:11,2,0,12
BRDA:11,2,1,26
BRDA:27,3,0,1
BRDA:27,3,1,29
BRDA:31,4,0,30
BRDA:31,4,1,28
BRDA:34,5,0,1
BRDA:34,5,1,29
BRF:10
BRH:9
end_of_record
TN:
SF:/Users/qiuhong/Desktop/nodeclub-master/controllers/user.js
FN:15,(anonymous_1)
FN:17,(anonymous_2)
FN:26,(anonymous_3)
FN:27,(anonymous_4)
FN:56,(anonymous_5)
FN:58,(anonymous_6)
FN:65,(anonymous_7)
FN:66,(anonymous_8)
FN:75,(anonymous_9)
FN:76,(anonymous_10)
FN:84,(anonymous_11)
FN:85,(anonymous_12)
FN:97,(anonymous_13)
FN:102,showMessage
FN:129,(anonymous_15)
FN:134,(anonymous_16)
FN:150,(anonymous_17)
FN:151,(anonymous_18)
FN:156,(anonymous_19)
FN:158,(anonymous_20)
FN:171,(anonymous_21)
FN:173,(anonymous_22)
FN:181,(anonymous_23)
FN:190,(anonymous_24)
FN:195,(anonymous_25)
FN:200,(anonymous_26)
FN:217,(anonymous_27)
FN:218,(anonymous_28)
FN:223,(anonymous_29)
FN:224,(anonymous_30)
FN:233,(anonymous_31)
FN:235,(anonymous_32)
FN:246,(anonymous_33)
FN:251,(anonymous_34)
FN:257,(anonymous_35)
FN:274,(anonymous_36)
FN:281,(anonymous_37)
FN:286,(anonymous_38)
FN:292,(anonymous_39)
FN:306,(anonymous_40)
FN:308,(anonymous_41)
FN:314,(anonymous_42)
FN:315,(anonymous_43)
FN:322,(anonymous_44)
FN:329,(anonymous_45)
FN:336,(anonymous_46)
FN:342,(anonymous_47)
FN:350,(anonymous_48)
FN:358,(anonymous_49)
FN:364,(anonymous_50)
FN:369,(anonymous_51)
FNF:51
FNH:47
FNDA:1,(anonymous_1)
FNDA:1,(anonymous_2)
FNDA:1,(anonymous_3)
FNDA:1,(anonymous_4)
FNDA:1,(anonymous_5)
FNDA:0,(anonymous_6)
FNDA:1,(anonymous_7)
FNDA:0,(anonymous_8)
FNDA:1,(anonymous_9)
FNDA:1,(anonymous_10)
FNDA:2,(anonymous_11)
FNDA:2,(anonymous_12)
FNDA:3,(anonymous_13)
FNDA:2,showMessage
FNDA:1,(anonymous_15)
FNDA:1,(anonymous_16)
FNDA:2,(anonymous_17)
FNDA:2,(anonymous_18)
FNDA:1,(anonymous_19)
FNDA:1,(anonymous_20)
FNDA:3,(anonymous_21)
FNDA:3,(anonymous_22)
FNDA:2,(anonymous_23)
FNDA:1,(anonymous_24)
FNDA:1,(anonymous_25)
FNDA:1,(anonymous_26)
FNDA:1,(anonymous_27)
FNDA:0,(anonymous_28)
FNDA:1,(anonymous_29)
FNDA:0,(anonymous_30)
FNDA:1,(anonymous_31)
FNDA:1,(anonymous_32)
FNDA:1,(anonymous_33)
FNDA:1,(anonymous_34)
FNDA:1,(anonymous_35)
FNDA:1,(anonymous_36)
FNDA:1,(anonymous_37)
FNDA:1,(anonymous_38)
FNDA:1,(anonymous_39)
FNDA:1,(anonymous_40)
FNDA:5,(anonymous_41)
FNDA:1,(anonymous_42)
FNDA:2,(anonymous_43)
FNDA:1,(anonymous_44)
FNDA:3,(anonymous_45)
FNDA:3,(anonymous_46)
FNDA:1,(anonymous_47)
FNDA:1,(anonymous_48)
FNDA:1,(anonymous_49)
FNDA:1,(anonymous_50)
FNDA:1,(anonymous_51)
DA:1,1
DA:2,1
DA:3,1
DA:4,1
DA:5,1
DA:6,1
DA:7,1
DA:8,1
DA:9,1
DA:10,1
DA:11,1
DA:12,1
DA:13,1
DA:15,1
DA:16,1
DA:17,1
DA:18,1
DA:19,0
DA:21,1
DA:22,0
DA:23,0
DA:26,1
DA:27,1
DA:28,1
DA:29,0
DA:31,1
DA:34,1
DA:35,1
DA:36,0
DA:38,1
DA:47,1
DA:48,1
DA:49,1
DA:51,1
DA:52,1
DA:53,1
DA:55,1
DA:58,1
DA:59,0
DA:61,1
DA:63,1
DA:64,1
DA:65,1
DA:66,1
DA:67,0
DA:69,1
DA:75,1
DA:76,1
DA:77,1
DA:78,0
DA:80,1
DA:84,1
DA:85,2
DA:86,2
DA:87,0
DA:89,2
DA:90,1
DA:92,2
DA:93,2
DA:97,1
DA:98,3
DA:99,3
DA:102,1
DA:103,2
DA:104,2
DA:113,2
DA:114,1
DA:116,1
DA:118,2
DA:122,3
DA:123,3
DA:124,1
DA:125,1
DA:126,1
DA:127,1
DA:129,1
DA:130,1
DA:131,1
DA:132,1
DA:133,1
DA:134,1
DA:135,1
DA:136,0
DA:138,1
DA:139,1
DA:143,3
DA:144,2
DA:145,2
DA:146,2
DA:147,0
DA:150,2
DA:151,2
DA:152,2
DA:153,1
DA:156,1
DA:157,1
DA:158,1
DA:159,1
DA:160,0
DA:162,1
DA:171,1
DA:172,3
DA:173,3
DA:174,3
DA:175,0
DA:177,3
DA:178,1
DA:180,2
DA:181,2
DA:182,2
DA:183,0
DA:185,2
DA:190,1
DA:191,1
DA:192,1
DA:193,1
DA:195,1
DA:196,1
DA:197,0
DA:199,1
DA:200,1
DA:201,1
DA:209,1
DA:210,1
DA:212,1
DA:217,1
DA:218,1
DA:219,0
DA:221,1
DA:223,1
DA:224,1
DA:225,0
DA:227,1
DA:233,1
DA:234,1
DA:235,1
DA:236,1
DA:237,0
DA:239,1
DA:246,1
DA:247,1
DA:248,1
DA:249,1
DA:251,1
DA:252,1
DA:253,0
DA:254,0
DA:257,1
DA:258,1
DA:266,1
DA:267,1
DA:268,1
DA:270,1
DA:271,1
DA:272,1
DA:274,1
DA:275,1
DA:276,1
DA:281,1
DA:282,1
DA:283,1
DA:284,1
DA:286,1
DA:287,1
DA:288,0
DA:289,0
DA:292,1
DA:293,1
DA:301,1
DA:302,1
DA:303,1
DA:305,1
DA:306,1
DA:308,1
DA:309,5
DA:311,1
DA:313,1
DA:314,1
DA:315,1
DA:316,2
DA:318,1
DA:322,1
DA:323,1
DA:324,1
DA:329,1
DA:330,3
DA:331,3
DA:333,3
DA:334,3
DA:336,3
DA:337,3
DA:338,1
DA:340,2
DA:341,1
DA:343,1
DA:345,1
DA:346,1
DA:348,1
DA:349,1
DA:350,1
DA:352,1
DA:358,1
DA:359,1
DA:361,1
DA:362,1
DA:364,1
DA:365,1
DA:366,0
DA:368,1
DA:370,1
DA:373,1
DA:375,1
DA:377,1
LF:213
LH:190
BRDA:18,1,0,0
BRDA:18,1,1,1
BRDA:21,2,0,0
BRDA:21,2,1,1
BRDA:28,3,0,0
BRDA:28,3,1,1
BRDA:28,4,0,1
BRDA:28,4,1,0
BRDA:35,5,0,0
BRDA:35,5,1,1
BRDA:35,6,0,1
BRDA:35,6,1,1
BRDA:35,6,2,0
BRDA:77,7,0,0
BRDA:77,7,1,1
BRDA:86,8,0,0
BRDA:86,8,1,2
BRDA:89,9,0,1
BRDA:89,9,1,1
BRDA:103,10,0,2
BRDA:103,10,1,0
BRDA:113,11,0,1
BRDA:113,11,1,1
BRDA:123,12,0,1
BRDA:123,12,1,2
BRDA:135,13,0,0
BRDA:135,13,1,1
BRDA:143,14,0,2
BRDA:143,14,1,1
BRDA:146,15,0,0
BRDA:146,15,1,2
BRDA:146,16,0,2
BRDA:146,16,1,2
BRDA:152,17,0,1
BRDA:152,17,1,1
BRDA:159,18,0,0
BRDA:159,18,1,1
BRDA:174,19,0,0
BRDA:174,19,1,3
BRDA:177,20,0,1
BRDA:177,20,1,2
BRDA:182,21,0,0
BRDA:182,21,1,2
BRDA:192,22,0,1
BRDA:192,22,1,1
BRDA:196,23,0,0
BRDA:196,23,1,1
BRDA:196,24,0,1
BRDA:196,24,1,1
BRDA:236,25,0,0
BRDA:236,25,1,1
BRDA:248,26,0,1
BRDA:248,26,1,1
BRDA:252,27,0,0
BRDA:252,27,1,1
BRDA:283,28,0,1
BRDA:283,28,1,1
BRDA:287,29,0,0
BRDA:287,29,1,1
BRDA:337,30,0,1
BRDA:337,30,1,2
BRDA:340,31,0,1
BRDA:340,31,1,1
BRDA:348,32,0,1
BRDA:348,32,1,0
BRDA:365,33,0,0
BRDA:365,33,1,1
BRF:67
BRH:47
end_of_record
TN:
SF:/Users/qiuhong/Desktop/nodeclub-master/controllers/message.js
FN:4,(anonymous_1)
FN:9,(anonymous_2)
FN:13,(anonymous_3)
FN:14,(anonymous_4)
FN:17,(anonymous_5)
FN:18,(anonymous_6)
FN:23,(anonymous_7)
FNF:7
FNH:7
FNDA:3,(anonymous_1)
FNDA:3,(anonymous_2)
FNDA:3,(anonymous_3)
FNDA:6,(anonymous_4)
FNDA:6,(anonymous_5)
FNDA:5,(anonymous_6)
FNDA:5,(anonymous_7)
DA:1,1
DA:2,1
DA:4,1
DA:5,3
DA:6,3
DA:7,3
DA:9,3
DA:10,3
DA:13,3
DA:14,3
DA:15,6
DA:16,6
DA:17,6
DA:18,6
DA:19,5
DA:21,6
DA:23,6
DA:24,5
DA:28,3
DA:31,3
DA:32,3
LF:21
LH:21
BRDA:21,1,0,3
BRDA:21,1,1,3
BRF:2
BRH:2
end_of_record
TN:
SF:/Users/qiuhong/Desktop/nodeclub-master/controllers/topic.js
FN:30,(anonymous_1)
FN:31,isUped
FN:46,(anonymous_3)
FN:58,(anonymous_4)
FN:71,(anonymous_5)
FN:72,(anonymous_6)
FN:92,(anonymous_7)
FN:99,(anonymous_8)
FN:114,(anonymous_9)
FN:121,(anonymous_10)
FN:127,(anonymous_11)
FN:154,(anonymous_12)
FN:161,(anonymous_13)
FN:165,(anonymous_14)
FN:178,(anonymous_15)
FN:181,(anonymous_16)
FN:202,(anonymous_17)
FN:208,(anonymous_18)
FN:246,(anonymous_19)
FN:262,(anonymous_20)
FN:269,(anonymous_21)
FN:286,(anonymous_22)
FN:296,(anonymous_23)
FN:304,(anonymous_24)
FN:313,(anonymous_25)
FN:324,(anonymous_26)
FN:328,(anonymous_27)
FN:337,(anonymous_28)
FN:348,(anonymous_29)
FN:351,(anonymous_30)
FN:360,(anonymous_31)
FN:371,(anonymous_32)
FN:374,(anonymous_33)
FN:382,(anonymous_34)
FN:391,(anonymous_35)
FN:397,(anonymous_36)
FN:412,(anonymous_37)
FN:414,(anonymous_38)
FN:421,(anonymous_39)
FN:429,(anonymous_40)
FN:446,(anonymous_41)
FN:448,(anonymous_42)
FN:449,(anonymous_43)
FN:458,(anonymous_44)
FNF:44
FNH:41
FNDA:2,(anonymous_1)
FNDA:0,isUped
FNDA:2,(anonymous_3)
FNDA:2,(anonymous_4)
FNDA:2,(anonymous_5)
FNDA:2,(anonymous_6)
FNDA:2,(anonymous_7)
FNDA:0,(anonymous_8)
FNDA:1,(anonymous_9)
FNDA:4,(anonymous_10)
FNDA:12,(anonymous_11)
FNDA:1,(anonymous_12)
FNDA:1,(anonymous_13)
FNDA:1,(anonymous_14)
FNDA:1,(anonymous_15)
FNDA:1,(anonymous_16)
FNDA:1,(anonymous_17)
FNDA:1,(anonymous_18)
FNDA:1,(anonymous_19)
FNDA:2,(anonymous_20)
FNDA:2,(anonymous_21)
FNDA:1,(anonymous_22)
FNDA:2,(anonymous_23)
FNDA:2,(anonymous_24)
FNDA:2,(anonymous_25)
FNDA:2,(anonymous_26)
FNDA:2,(anonymous_27)
FNDA:2,(anonymous_28)
FNDA:2,(anonymous_29)
FNDA:2,(anonymous_30)
FNDA:2,(anonymous_31)
FNDA:2,(anonymous_32)
FNDA:2,(anonymous_33)
FNDA:2,(anonymous_34)
FNDA:1,(anonymous_35)
FNDA:1,(anonymous_36)
FNDA:2,(anonymous_37)
FNDA:2,(anonymous_38)
FNDA:2,(anonymous_39)
FNDA:1,(anonymous_40)
FNDA:1,(anonymous_41)
FNDA:1,(anonymous_42)
FNDA:0,(anonymous_43)
FNDA:1,(anonymous_44)
DA:9,1
DA:11,1
DA:12,1
DA:13,1
DA:14,1
DA:15,1
DA:16,1
DA:17,1
DA:18,1
DA:19,1
DA:20,1
DA:21,1
DA:30,1
DA:31,1
DA:32,0
DA:33,0
DA:35,0
DA:38,2
DA:39,2
DA:41,2
DA:42,0
DA:44,2
DA:45,2
DA:47,2
DA:56,2
DA:58,2
DA:59,2
DA:60,0
DA:61,0
DA:64,2
DA:65,2
DA:67,2
DA:68,2
DA:71,2
DA:72,2
DA:73,2
DA:75,2
DA:77,2
DA:78,2
DA:79,2
DA:81,2
DA:84,2
DA:87,2
DA:88,2
DA:89,2
DA:92,2
DA:93,2
DA:94,2
DA:96,0
DA:100,0
DA:101,0
DA:107,2
DA:108,1
DA:110,1
DA:114,1
DA:115,1
DA:121,1
DA:122,4
DA:123,4
DA:124,4
DA:127,4
DA:128,12
DA:132,4
DA:133,4
DA:134,1
DA:135,3
DA:136,0
DA:137,3
DA:138,1
DA:139,2
DA:140,1
DA:144,4
DA:145,3
DA:146,3
DA:154,1
DA:155,1
DA:156,0
DA:159,1
DA:161,1
DA:162,1
DA:164,1
DA:165,1
DA:166,1
DA:167,1
DA:168,1
DA:169,1
DA:170,1
DA:174,1
DA:178,1
DA:179,1
DA:181,1
DA:182,1
DA:183,0
DA:184,0
DA:187,1
DA:188,1
DA:197,0
DA:202,1
DA:203,1
DA:204,1
DA:205,1
DA:206,1
DA:208,1
DA:209,1
DA:210,0
DA:211,0
DA:214,1
DA:215,1
DA:216,1
DA:217,1
DA:220,1
DA:221,1
DA:222,0
DA:223,1
DA:224,0
DA:225,1
DA:226,0
DA:230,1
DA:231,0
DA:241,1
DA:242,1
DA:243,1
DA:244,1
DA:246,1
DA:247,1
DA:248,0
DA:251,1
DA:253,1
DA:257,0
DA:262,1
DA:267,2
DA:269,2
DA:270,2
DA:271,0
DA:273,2
DA:274,1
DA:275,1
DA:277,1
DA:278,0
DA:279,0
DA:281,1
DA:282,1
DA:283,1
DA:285,1
DA:286,1
DA:287,1
DA:288,0
DA:290,1
DA:296,1
DA:297,2
DA:298,2
DA:300,2
DA:301,0
DA:302,0
DA:304,2
DA:305,2
DA:306,0
DA:308,2
DA:309,0
DA:310,0
DA:312,2
DA:313,2
DA:314,2
DA:315,0
DA:317,2
DA:318,2
DA:324,1
DA:325,2
DA:326,2
DA:328,2
DA:329,2
DA:330,0
DA:332,2
DA:333,0
DA:334,0
DA:336,2
DA:337,2
DA:338,2
DA:339,0
DA:341,2
DA:342,2
DA:348,1
DA:349,2
DA:350,2
DA:351,2
DA:352,2
DA:353,0
DA:355,2
DA:356,0
DA:357,0
DA:359,2
DA:360,2
DA:361,2
DA:362,0
DA:364,2
DA:365,2
DA:371,1
DA:372,2
DA:374,2
DA:375,2
DA:376,0
DA:378,2
DA:379,0
DA:382,2
DA:383,2
DA:384,0
DA:386,2
DA:387,1
DA:388,1
DA:391,1
DA:392,1
DA:393,0
DA:395,1
DA:397,1
DA:398,1
DA:399,0
DA:401,1
DA:402,1
DA:405,1
DA:406,1
DA:407,1
DA:412,1
DA:413,2
DA:414,2
DA:415,2
DA:416,0
DA:418,2
DA:419,0
DA:421,2
DA:422,2
DA:423,0
DA:425,2
DA:426,1
DA:429,1
DA:430,1
DA:431,0
DA:433,1
DA:434,1
DA:435,1
DA:438,1
DA:439,1
DA:441,1
DA:446,1
DA:447,1
DA:448,1
DA:449,1
DA:450,0
DA:452,0
DA:458,1
DA:459,1
DA:460,0
DA:462,1
DA:463,0
DA:465,1
DA:473,1
LF:255
LH:202
BRDA:32,1,0,0
BRDA:32,1,1,0
BRDA:41,2,0,0
BRDA:41,2,1,2
BRDA:59,3,0,0
BRDA:59,3,1,2
BRDA:73,4,0,2
BRDA:73,4,1,2
BRDA:73,4,2,2
BRDA:77,5,0,2
BRDA:77,5,1,2
BRDA:78,6,0,2
BRDA:78,6,1,0
BRDA:93,7,0,2
BRDA:93,7,1,0
BRDA:107,8,0,1
BRDA:107,8,1,1
BRDA:133,9,0,1
BRDA:133,9,1,3
BRDA:135,10,0,0
BRDA:135,10,1,3
BRDA:135,11,0,3
BRDA:135,11,1,3
BRDA:137,12,0,1
BRDA:137,12,1,2
BRDA:137,13,0,3
BRDA:137,13,1,2
BRDA:139,14,0,1
BRDA:139,14,1,1
BRDA:144,15,0,3
BRDA:144,15,1,1
BRDA:155,16,0,0
BRDA:155,16,1,1
BRDA:182,17,0,0
BRDA:182,17,1,1
BRDA:187,18,0,1
BRDA:187,18,1,0
BRDA:187,19,0,1
BRDA:187,19,1,0
BRDA:209,20,0,0
BRDA:209,20,1,1
BRDA:214,21,0,1
BRDA:214,21,1,0
BRDA:214,22,0,1
BRDA:214,22,1,0
BRDA:221,23,0,0
BRDA:221,23,1,1
BRDA:223,24,0,0
BRDA:223,24,1,1
BRDA:223,25,0,1
BRDA:223,25,1,1
BRDA:225,26,0,0
BRDA:225,26,1,1
BRDA:230,27,0,0
BRDA:230,27,1,1
BRDA:247,28,0,0
BRDA:247,28,1,1
BRDA:270,29,0,0
BRDA:270,29,1,2
BRDA:273,30,0,1
BRDA:273,30,1,1
BRDA:273,31,0,2
BRDA:273,31,1,2
BRDA:277,32,0,0
BRDA:277,32,1,1
BRDA:287,33,0,0
BRDA:287,33,1,1
BRDA:300,34,0,0
BRDA:300,34,1,2
BRDA:305,35,0,0
BRDA:305,35,1,2
BRDA:308,36,0,0
BRDA:308,36,1,2
BRDA:314,37,0,0
BRDA:314,37,1,2
BRDA:317,38,0,1
BRDA:317,38,1,1
BRDA:329,39,0,0
BRDA:329,39,1,2
BRDA:332,40,0,0
BRDA:332,40,1,2
BRDA:338,41,0,0
BRDA:338,41,1,2
BRDA:341,42,0,1
BRDA:341,42,1,1
BRDA:352,43,0,0
BRDA:352,43,1,2
BRDA:355,44,0,0
BRDA:355,44,1,2
BRDA:361,45,0,0
BRDA:361,45,1,2
BRDA:364,46,0,1
BRDA:364,46,1,1
BRDA:375,47,0,0
BRDA:375,47,1,2
BRDA:378,48,0,0
BRDA:378,48,1,2
BRDA:383,49,0,0
BRDA:383,49,1,2
BRDA:386,50,0,1
BRDA:386,50,1,1
BRDA:392,51,0,0
BRDA:392,51,1,1
BRDA:398,52,0,0
BRDA:398,52,1,1
BRDA:415,53,0,0
BRDA:415,53,1,2
BRDA:418,54,0,0
BRDA:418,54,1,2
BRDA:422,55,0,0
BRDA:422,55,1,2
BRDA:425,56,0,1
BRDA:425,56,1,1
BRDA:430,57,0,0
BRDA:430,57,1,1
BRDA:459,58,0,0
BRDA:459,58,1,1
BRDA:462,59,0,0
BRDA:462,59,1,1
BRF:119
BRH:76
end_of_record
TN:
SF:/Users/qiuhong/Desktop/nodeclub-master/common/store.js
FNF:0
FNH:0
DA:1,1
DA:2,1
DA:4,1
LF:3
LH:3
BRDA:4,1,0,1
BRDA:4,1,1,1
BRF:2
BRH:2
end_of_record
TN:
SF:/Users/qiuhong/Desktop/nodeclub-master/common/store_qn.js
FNF:0
FNH:0
DA:1,1
DA:2,1
DA:5,1
DA:6,1
DA:7,0
DA:10,1
LF:6
LH:5
BRDA:6,1,0,0
BRDA:6,1,1,1
BRDA:6,2,0,1
BRDA:6,2,1,1
BRF:4
BRH:3
end_of_record
TN:
SF:/Users/qiuhong/Desktop/nodeclub-master/common/store_local.js
FN:6,(anonymous_1)
FN:17,(anonymous_2)
FNF:2
FNH:2
FNDA:1,(anonymous_1)
FNDA:1,(anonymous_2)
DA:1,1
DA:2,1
DA:3,1
DA:4,1
DA:6,1
DA:7,1
DA:9,1
DA:12,1
DA:13,1
DA:14,1
DA:15,1
DA:17,1
DA:18,1
DA:23,1
LF:14
LH:14
BRF:0
BRH:0
end_of_record
TN:
SF:/Users/qiuhong/Desktop/nodeclub-master/controllers/reply.js
FN:14,(anonymous_1)
FN:27,(anonymous_2)
FN:40,(anonymous_3)
FN:44,(anonymous_4)
FN:45,(anonymous_5)
FN:46,(anonymous_6)
FN:54,(anonymous_7)
FN:63,(anonymous_8)
FN:70,(anonymous_9)
FN:78,(anonymous_10)
FN:80,(anonymous_11)
FN:109,(anonymous_12)
FN:112,(anonymous_13)
FN:129,(anonymous_14)
FN:133,(anonymous_15)
FN:143,(anonymous_16)
FN:158,(anonymous_17)
FN:161,(anonymous_18)
FN:182,(anonymous_19)
FNF:19
FNH:19
FNDA:4,(anonymous_1)
FNDA:3,(anonymous_2)
FNDA:2,(anonymous_3)
FNDA:2,(anonymous_4)
FNDA:2,(anonymous_5)
FNDA:2,(anonymous_6)
FNDA:2,(anonymous_7)
FNDA:2,(anonymous_8)
FNDA:2,(anonymous_9)
FNDA:1,(anonymous_10)
FNDA:1,(anonymous_11)
FNDA:2,(anonymous_12)
FNDA:2,(anonymous_13)
FNDA:1,(anonymous_14)
FNDA:1,(anonymous_15)
FNDA:1,(anonymous_16)
FNDA:2,(anonymous_17)
FNDA:2,(anonymous_18)
FNDA:2,(anonymous_19)
DA:1,1
DA:2,1
DA:3,1
DA:4,1
DA:5,1
DA:6,1
DA:7,1
DA:8,1
DA:9,1
DA:14,1
DA:15,4
DA:16,4
DA:17,4
DA:19,4
DA:20,4
DA:21,1
DA:24,3
DA:25,3
DA:27,3
DA:28,3
DA:29,0
DA:31,0
DA:34,3
DA:35,1
DA:37,2
DA:40,3
DA:41,2
DA:44,3
DA:45,2
DA:46,2
DA:47,2
DA:49,2
DA:50,2
DA:54,2
DA:55,2
DA:56,2
DA:57,2
DA:58,2
DA:59,2
DA:63,3
DA:64,2
DA:65,0
DA:67,2
DA:70,3
DA:71,2
DA:78,1
DA:79,1
DA:80,1
DA:81,1
DA:82,0
DA:85,1
DA:86,0
DA:87,0
DA:88,0
DA:90,1
DA:91,1
DA:92,1
DA:93,1
DA:95,1
DA:96,1
DA:97,1
DA:99,0
DA:100,0
DA:103,1
DA:109,1
DA:110,2
DA:112,2
DA:113,2
DA:114,0
DA:116,2
DA:117,1
DA:122,1
DA:129,1
DA:130,1
DA:131,1
DA:133,1
DA:134,1
DA:135,0
DA:138,1
DA:140,1
DA:141,1
DA:142,1
DA:143,1
DA:144,1
DA:145,0
DA:147,1
DA:150,0
DA:153,0
DA:158,1
DA:159,2
DA:160,2
DA:161,2
DA:162,2
DA:163,0
DA:165,2
DA:167,0
DA:172,2
DA:173,2
DA:174,2
DA:175,2
DA:176,1
DA:177,1
DA:179,1
DA:180,1
DA:182,2
DA:183,2
LF:106
LH:90
BRDA:20,1,0,1
BRDA:20,1,1,3
BRDA:28,2,0,0
BRDA:28,2,1,3
BRDA:34,3,0,1
BRDA:34,3,1,2
BRDA:64,4,0,0
BRDA:64,4,1,2
BRDA:81,5,0,0
BRDA:81,5,1,1
BRDA:85,6,0,0
BRDA:85,6,1,1
BRDA:90,7,0,1
BRDA:90,7,1,0
BRDA:90,8,0,1
BRDA:90,8,1,0
BRDA:113,9,0,0
BRDA:113,9,1,2
BRDA:116,10,0,1
BRDA:116,10,1,1
BRDA:116,11,0,2
BRDA:116,11,1,1
BRDA:134,12,0,0
BRDA:134,12,1,1
BRDA:138,13,0,1
BRDA:138,13,1,0
BRDA:138,14,0,1
BRDA:138,14,1,0
BRDA:140,15,0,1
BRDA:140,15,1,0
BRDA:144,16,0,0
BRDA:144,16,1,1
BRDA:162,17,0,0
BRDA:162,17,1,2
BRDA:165,18,0,0
BRDA:165,18,1,2
BRDA:165,19,0,2
BRDA:165,19,1,0
BRDA:173,20,0,2
BRDA:173,20,1,0
BRDA:175,21,0,1
BRDA:175,21,1,1
BRF:42
BRH:26
end_of_record
TN:
SF:/Users/qiuhong/Desktop/nodeclub-master/controllers/rss.js
FN:8,(anonymous_1)
FN:18,(anonymous_2)
FN:26,(anonymous_3)
FN:41,(anonymous_4)
FN:61,utf8ForXml
FNF:5
FNH:5
FNDA:3,(anonymous_1)
FNDA:2,(anonymous_2)
FNDA:2,(anonymous_3)
FNDA:13,(anonymous_4)
FNDA:1,utf8ForXml
DA:1,1
DA:2,1
DA:3,1
DA:4,1
DA:5,1
DA:6,1
DA:8,1
DA:9,3
DA:10,1
DA:11,1
DA:13,2
DA:15,2
DA:16,2
DA:18,2
DA:19,2
DA:20,0
DA:22,2
DA:26,2
DA:27,2
DA:28,1
DA:30,1
DA:41,1
DA:42,13
DA:52,1
DA:53,1
DA:54,1
DA:55,1
DA:61,1
DA:62,1
LF:29
LH:28
BRDA:9,1,0,1
BRDA:9,1,1,2
BRDA:19,2,0,0
BRDA:19,2,1,2
BRDA:19,3,0,2
BRDA:19,3,1,0
BRDA:27,4,0,1
BRDA:27,4,1,1
BRF:8
BRH:6
end_of_record
TN:
SF:/Users/qiuhong/Desktop/nodeclub-master/controllers/static.js
FN:4,(anonymous_1)
FN:11,(anonymous_2)
FN:15,(anonymous_3)
FN:22,(anonymous_4)
FN:24,(anonymous_5)
FN:35,(anonymous_6)
FNF:6
FNH:4
FNDA:1,(anonymous_1)
FNDA:1,(anonymous_2)
FNDA:1,(anonymous_3)
FNDA:1,(anonymous_4)
FNDA:0,(anonymous_5)
FNDA:0,(anonymous_6)
DA:1,1
DA:4,1
DA:5,1
DA:11,1
DA:12,1
DA:15,1
DA:16,1
DA:22,1
DA:23,1
DA:24,1
DA:35,1
DA:36,0
LF:12
LH:11
BRF:0
BRH:0
end_of_record
TN:
SF:/Users/qiuhong/Desktop/nodeclub-master/middlewares/limit.js
FN:7,(anonymous_1)
FN:8,(anonymous_2)
FN:12,(anonymous_3)
FN:17,(anonymous_4)
FN:41,(anonymous_5)
FN:45,(anonymous_6)
FNF:6
FNH:6
FNDA:2,(anonymous_1)
FNDA:6,(anonymous_2)
FNDA:22,(anonymous_3)
FNDA:22,(anonymous_4)
FNDA:18,(anonymous_5)
FNDA:4,(anonymous_6)
DA:1,1
DA:2,1
DA:3,1
DA:5,1
DA:7,1
DA:8,2
DA:12,6
DA:13,22
DA:14,22
DA:15,22
DA:17,22
DA:18,22
DA:19,0
DA:21,22
DA:22,22
DA:23,21
DA:24,21
DA:25,21
DA:26,21
DA:27,21
DA:29,1
DA:30,1
DA:31,1
DA:33,0
DA:41,1
DA:42,18
DA:45,1
DA:46,4
DA:47,4
DA:48,0
DA:50,4
LF:31
LH:28
BRDA:18,1,0,0
BRDA:18,1,1,22
BRDA:21,2,0,22
BRDA:21,2,1,4
BRDA:22,3,0,21
BRDA:22,3,1,1
BRDA:30,4,0,1
BRDA:30,4,1,0
BRDA:42,5,0,18
BRDA:42,5,1,8
BRDA:47,6,0,0
BRDA:47,6,1,4
BRF:12
BRH:9
end_of_record
TN:
SF:/Users/qiuhong/Desktop/nodeclub-master/controllers/github.js
FN:9,(anonymous_1)
FN:12,(anonymous_2)
FN:26,(anonymous_3)
FN:52,(anonymous_4)
FN:56,(anonymous_5)
FN:83,(anonymous_6)
FN:103,(anonymous_7)
FN:108,(anonymous_8)
FN:112,(anonymous_9)
FN:122,(anonymous_10)
FNF:10
FNH:9
FNDA:2,(anonymous_1)
FNDA:2,(anonymous_2)
FNDA:1,(anonymous_3)
FNDA:1,(anonymous_4)
FNDA:3,(anonymous_5)
FNDA:2,(anonymous_6)
FNDA:0,(anonymous_7)
FNDA:1,(anonymous_8)
FNDA:1,(anonymous_9)
FNDA:1,(anonymous_10)
DA:1,1
DA:2,1
DA:3,1
DA:4,1
DA:5,1
DA:6,1
DA:7,1
DA:9,1
DA:10,2
DA:11,2
DA:12,2
DA:13,2
DA:14,0
DA:17,2
DA:18,1
DA:19,1
DA:20,1
DA:22,1
DA:23,1
DA:26,1
DA:27,1
DA:29,0
DA:30,0
DA:31,0
DA:34,0
DA:35,0
DA:39,0
DA:41,1
DA:42,1
DA:46,1
DA:47,1
DA:52,1
DA:53,1
DA:56,1
DA:57,3
DA:59,3
DA:60,3
DA:61,3
DA:62,3
DA:63,3
DA:65,3
DA:66,0
DA:68,3
DA:70,3
DA:71,3
DA:72,2
DA:83,2
DA:84,2
DA:86,1
DA:87,1
DA:88,0
DA:91,1
DA:92,1
DA:96,0
DA:99,1
DA:100,1
DA:103,1
DA:104,0
DA:105,0
DA:107,1
DA:109,1
DA:110,0
DA:112,1
DA:113,1
DA:114,0
DA:116,1
DA:117,1
DA:119,1
DA:120,1
DA:122,1
DA:123,1
DA:124,0
DA:126,1
DA:127,1
LF:74
LH:59
BRDA:11,1,0,2
BRDA:11,1,1,2
BRDA:11,1,2,2
BRDA:13,2,0,0
BRDA:13,2,1,2
BRDA:17,3,0,1
BRDA:17,3,1,1
BRDA:23,4,0,1
BRDA:23,4,1,0
BRDA:27,5,0,0
BRDA:27,5,1,1
BRDA:29,6,0,0
BRDA:29,6,1,0
BRDA:30,7,0,0
BRDA:30,7,1,0
BRDA:34,8,0,0
BRDA:34,8,1,0
BRDA:60,9,0,3
BRDA:60,9,1,2
BRDA:61,10,0,3
BRDA:61,10,1,2
BRDA:65,11,0,0
BRDA:65,11,1,3
BRDA:70,12,0,3
BRDA:70,12,1,3
BRDA:70,12,2,3
BRDA:71,13,0,2
BRDA:71,13,1,1
BRDA:84,14,0,1
BRDA:84,14,1,1
BRDA:86,15,0,1
BRDA:86,15,1,0
BRDA:87,16,0,0
BRDA:87,16,1,1
BRDA:91,17,0,1
BRDA:91,17,1,0
BRDA:109,18,0,0
BRDA:109,18,1,1
BRDA:113,19,0,0
BRDA:113,19,1,1
BRDA:123,20,0,0
BRDA:123,20,1,1
BRF:42
BRH:26
end_of_record
TN:
SF:/Users/qiuhong/Desktop/nodeclub-master/controllers/search.js
FN:1,(anonymous_1)
FNF:1
FNH:1
FNDA:1,(anonymous_1)
DA:1,1
DA:2,1
DA:3,1
DA:4,1
LF:4
LH:4
BRF:0
BRH:0
end_of_record
TN:
SF:/Users/qiuhong/Desktop/nodeclub-master/middlewares/conf.js
FN:3,(anonymous_1)
FNF:1
FNH:1
FNDA:3,(anonymous_1)
DA:1,1
DA:3,1
DA:4,3
DA:5,1
DA:7,2
LF:5
LH:5
BRDA:4,1,0,1
BRDA:4,1,1,2
BRF:2
BRH:2
end_of_record
TN:
SF:/Users/qiuhong/Desktop/nodeclub-master/api_router_v1.js
FNF:0
FNH:0
DA:1,1
DA:2,1
DA:3,1
DA:4,1
DA:5,1
DA:6,1
DA:7,1
DA:8,1
DA:9,1
DA:10,1
DA:12,1
DA:16,1
DA:17,1
DA:18,1
DA:19,1
DA:23,1
DA:24,1
DA:25,1
DA:28,1
DA:33,1
DA:36,1
DA:37,1
DA:40,1
DA:41,1
DA:42,1
DA:43,1
DA:45,1
LF:27
LH:27
BRF:0
BRH:0
end_of_record
TN:
SF:/Users/qiuhong/Desktop/nodeclub-master/api/v1/topic.js
FN:14,(anonymous_1)
FN:39,(anonymous_2)
FN:40,(anonymous_3)
FN:41,(anonymous_4)
FN:50,(anonymous_5)
FN:51,(anonymous_6)
FN:63,(anonymous_7)
FN:76,(anonymous_8)
FN:89,(anonymous_9)
FN:116,(anonymous_10)
FN:126,(anonymous_11)
FN:132,(anonymous_12)
FN:154,(anonymous_13)
FN:162,(anonymous_14)
FN:168,(anonymous_15)
FN:183,(anonymous_16)
FN:190,(anonymous_17)
FN:194,(anonymous_18)
FN:222,(anonymous_19)
FNF:19
FNH:19
FNDA:2,(anonymous_1)
FNDA:2,(anonymous_2)
FNDA:12,(anonymous_3)
FNDA:12,(anonymous_4)
FNDA:2,(anonymous_5)
FNDA:12,(anonymous_6)
FNDA:9,(anonymous_7)
FNDA:8,(anonymous_8)
FNDA:4,(anonymous_9)
FNDA:7,(anonymous_10)
FNDA:4,(anonymous_11)
FNDA:12,(anonymous_12)
FNDA:1,(anonymous_13)
FNDA:1,(anonymous_14)
FNDA:1,(anonymous_15)
FNDA:1,(anonymous_16)
FNDA:3,(anonymous_17)
FNDA:1,(anonymous_18)
FNDA:1,(anonymous_19)
DA:1,1
DA:2,1
DA:3,1
DA:4,1
DA:5,1
DA:6,1
DA:7,1
DA:8,1
DA:9,1
DA:10,1
DA:11,1
DA:12,1
DA:14,1
DA:15,2
DA:16,2
DA:17,2
DA:18,2
DA:19,2
DA:21,2
DA:22,2
DA:23,2
DA:25,0
DA:26,0
DA:28,0
DA:31,2
DA:32,2
DA:34,2
DA:35,2
DA:37,2
DA:39,2
DA:40,2
DA:41,12
DA:42,12
DA:43,12
DA:45,12
DA:46,12
DA:50,2
DA:51,2
DA:52,12
DA:56,2
DA:61,1
DA:63,1
DA:64,9
DA:66,9
DA:67,9
DA:69,9
DA:70,1
DA:71,1
DA:74,8
DA:76,8
DA:77,8
DA:78,1
DA:79,1
DA:81,7
DA:84,7
DA:85,7
DA:87,7
DA:89,7
DA:90,4
DA:91,4
DA:93,4
DA:94,4
DA:95,4
DA:97,4
DA:98,1
DA:100,3
DA:103,4
DA:106,7
DA:110,8
DA:111,4
DA:113,4
DA:116,8
DA:117,7
DA:119,7
DA:124,1
DA:126,1
DA:127,4
DA:128,4
DA:129,4
DA:132,4
DA:133,12
DA:137,4
DA:138,4
DA:139,1
DA:140,3
DA:141,0
DA:142,3
DA:143,1
DA:144,2
DA:145,1
DA:149,4
DA:150,3
DA:151,3
DA:154,1
DA:155,1
DA:156,0
DA:159,1
DA:160,1
DA:162,1
DA:163,1
DA:168,1
DA:169,1
DA:170,1
DA:171,1
DA:172,1
DA:173,1
DA:177,1
DA:181,1
DA:183,1
DA:184,1
DA:185,1
DA:186,1
DA:187,1
DA:190,1
DA:191,3
DA:194,1
DA:195,1
DA:196,0
DA:197,0
DA:200,1
DA:202,1
DA:203,1
DA:204,0
DA:205,1
DA:206,0
DA:207,1
DA:208,0
DA:212,1
DA:213,0
DA:217,1
DA:218,1
DA:219,1
DA:220,1
DA:222,1
DA:223,1
DA:224,0
DA:227,1
DA:229,1
DA:235,0
DA:236,0
LF:140
LH:126
BRDA:15,1,0,2
BRDA:15,1,1,2
BRDA:16,2,0,2
BRDA:16,2,1,0
BRDA:17,3,0,2
BRDA:17,3,1,2
BRDA:18,4,0,2
BRDA:18,4,1,1
BRDA:19,5,0,0
BRDA:19,5,1,2
BRDA:22,6,0,2
BRDA:22,6,1,0
BRDA:22,7,0,2
BRDA:22,7,1,2
BRDA:25,8,0,0
BRDA:25,8,1,0
BRDA:42,9,0,12
BRDA:42,9,1,0
BRDA:66,10,0,0
BRDA:66,10,1,9
BRDA:69,11,0,1
BRDA:69,11,1,8
BRDA:77,12,0,1
BRDA:77,12,1,7
BRDA:84,13,0,7
BRDA:84,13,1,0
BRDA:90,14,0,4
BRDA:90,14,1,0
BRDA:95,15,0,4
BRDA:95,15,1,4
BRDA:97,16,0,1
BRDA:97,16,1,3
BRDA:97,17,0,4
BRDA:97,17,1,4
BRDA:97,17,2,1
BRDA:110,18,0,4
BRDA:110,18,1,4
BRDA:127,19,0,4
BRDA:127,19,1,1
BRDA:128,20,0,4
BRDA:128,20,1,1
BRDA:129,21,0,4
BRDA:129,21,1,1
BRDA:138,22,0,1
BRDA:138,22,1,3
BRDA:140,23,0,0
BRDA:140,23,1,3
BRDA:140,24,0,3
BRDA:140,24,1,3
BRDA:142,25,0,1
BRDA:142,25,1,2
BRDA:142,26,0,3
BRDA:142,26,1,2
BRDA:144,27,0,1
BRDA:144,27,1,1
BRDA:149,28,0,3
BRDA:149,28,1,1
BRDA:155,29,0,0
BRDA:155,29,1,1
BRDA:195,30,0,0
BRDA:195,30,1,1
BRDA:200,31,0,1
BRDA:200,31,1,0
BRDA:200,32,0,1
BRDA:200,32,1,0
BRDA:203,33,0,0
BRDA:203,33,1,1
BRDA:205,34,0,0
BRDA:205,34,1,1
BRDA:205,35,0,1
BRDA:205,35,1,1
BRDA:207,36,0,0
BRDA:207,36,1,1
BRDA:207,37,0,1
BRDA:207,37,1,1
BRDA:212,38,0,0
BRDA:212,38,1,1
BRDA:223,39,0,0
BRDA:223,39,1,1
BRF:79
BRH:60
end_of_record
TN:
SF:/Users/qiuhong/Desktop/nodeclub-master/api/v1/topic_collect.js
FN:8,list
FN:14,(anonymous_2)
FN:23,(anonymous_3)
FN:25,(anonymous_4)
FN:29,(anonymous_5)
FN:30,(anonymous_6)
FN:38,(anonymous_7)
FN:39,(anonymous_8)
FN:52,collect
FN:60,(anonymous_10)
FN:69,(anonymous_11)
FN:78,(anonymous_12)
FN:84,(anonymous_13)
FN:100,de_collect
FN:108,(anonymous_15)
FN:116,(anonymous_16)
FN:124,(anonymous_17)
FNF:17
FNH:17
FNDA:4,list
FNDA:4,(anonymous_2)
FNDA:3,(anonymous_3)
FNDA:1,(anonymous_4)
FNDA:3,(anonymous_5)
FNDA:1,(anonymous_6)
FNDA:3,(anonymous_7)
FNDA:1,(anonymous_8)
FNDA:4,collect
FNDA:3,(anonymous_10)
FNDA:2,(anonymous_11)
FNDA:1,(anonymous_12)
FNDA:1,(anonymous_13)
FNDA:4,de_collect
FNDA:3,(anonymous_15)
FNDA:2,(anonymous_16)
FNDA:1,(anonymous_17)
DA:1,1
DA:2,1
DA:3,1
DA:4,1
DA:5,1
DA:6,1
DA:8,1
DA:9,4
DA:10,4
DA:12,4
DA:14,4
DA:15,4
DA:16,1
DA:17,1
DA:21,3
DA:23,3
DA:25,3
DA:26,1
DA:28,3
DA:29,3
DA:30,3
DA:31,1
DA:33,3
DA:38,3
DA:39,3
DA:40,1
DA:41,1
DA:44,3
DA:50,1
DA:52,1
DA:53,4
DA:55,4
DA:56,1
DA:57,1
DA:60,3
DA:61,3
DA:62,0
DA:64,3
DA:65,1
DA:66,1
DA:69,2
DA:70,2
DA:71,0
DA:73,2
DA:74,1
DA:75,1
DA:78,1
DA:79,1
DA:80,0
DA:82,1
DA:84,1
DA:85,1
DA:86,0
DA:88,1
DA:89,1
DA:92,1
DA:93,1
DA:98,1
DA:100,1
DA:101,4
DA:103,4
DA:104,1
DA:105,1
DA:108,3
DA:109,3
DA:110,0
DA:112,3
DA:113,1
DA:114,1
DA:116,2
DA:117,2
DA:118,0
DA:120,2
DA:121,1
DA:124,1
DA:125,1
DA:126,0
DA:128,1
DA:129,1
DA:132,1
DA:133,1
DA:135,1
DA:141,1
LF:83
LH:76
BRDA:15,1,0,1
BRDA:15,1,1,3
BRDA:55,2,0,1
BRDA:55,2,1,3
BRDA:61,3,0,0
BRDA:61,3,1,3
BRDA:64,4,0,1
BRDA:64,4,1,2
BRDA:70,5,0,0
BRDA:70,5,1,2
BRDA:73,6,0,1
BRDA:73,6,1,1
BRDA:79,7,0,0
BRDA:79,7,1,1
BRDA:85,8,0,0
BRDA:85,8,1,1
BRDA:103,9,0,1
BRDA:103,9,1,3
BRDA:109,10,0,0
BRDA:109,10,1,3
BRDA:112,11,0,1
BRDA:112,11,1,2
BRDA:117,12,0,0
BRDA:117,12,1,2
BRDA:120,13,0,1
BRDA:120,13,1,1
BRDA:125,14,0,0
BRDA:125,14,1,1
BRF:28
BRH:21
end_of_record
TN:
SF:/Users/qiuhong/Desktop/nodeclub-master/api/v1/user.js
FN:8,(anonymous_1)
FN:14,(anonymous_2)
FN:24,(anonymous_3)
FN:25,(anonymous_4)
FN:32,(anonymous_5)
FN:33,(anonymous_6)
FN:41,(anonymous_7)
FN:46,(anonymous_8)
FN:51,(anonymous_9)
FNF:9
FNH:5
FNDA:2,(anonymous_1)
FNDA:2,(anonymous_2)
FNDA:1,(anonymous_3)
FNDA:0,(anonymous_4)
FNDA:1,(anonymous_5)
FNDA:0,(anonymous_6)
FNDA:1,(anonymous_7)
FNDA:0,(anonymous_8)
FNDA:0,(anonymous_9)
DA:1,1
DA:2,1
DA:3,1
DA:4,1
DA:5,1
DA:6,1
DA:8,1
DA:9,2
DA:10,2
DA:12,2
DA:14,2
DA:15,2
DA:16,1
DA:17,1
DA:19,1
DA:20,1
DA:21,1
DA:23,1
DA:25,1
DA:26,0
DA:28,1
DA:30,1
DA:31,1
DA:32,1
DA:33,1
DA:34,0
DA:36,1
DA:40,1
DA:43,1
DA:46,1
DA:47,0
DA:48,0
DA:49,0
DA:51,1
DA:52,0
DA:53,0
DA:54,0
DA:57,1
DA:62,1
LF:39
LH:31
BRDA:15,1,0,1
BRDA:15,1,1,1
BRF:2
BRH:2
end_of_record
TN:
SF:/Users/qiuhong/Desktop/nodeclub-master/api/v1/tools.js
FN:3,(anonymous_1)
FNF:1
FNH:1
FNDA:1,(anonymous_1)
DA:1,1
DA:3,1
DA:4,1
DA:5,1
DA:7,1
DA:14,1
LF:6
LH:6
BRF:0
BRH:0
end_of_record
TN:
SF:/Users/qiuhong/Desktop/nodeclub-master/api/v1/reply.js
FN:10,(anonymous_1)
FN:29,(anonymous_2)
FN:41,(anonymous_3)
FN:45,(anonymous_4)
FN:46,(anonymous_5)
FN:47,(anonymous_6)
FN:55,(anonymous_7)
FN:63,(anonymous_8)
FN:70,(anonymous_9)
FN:80,(anonymous_10)
FN:89,(anonymous_11)
FN:111,(anonymous_12)
FNF:12
FNH:12
FNDA:6,(anonymous_1)
FNDA:4,(anonymous_2)
FNDA:2,(anonymous_3)
FNDA:2,(anonymous_4)
FNDA:2,(anonymous_5)
FNDA:2,(anonymous_6)
FNDA:2,(anonymous_7)
FNDA:2,(anonymous_8)
FNDA:2,(anonymous_9)
FNDA:4,(anonymous_10)
FNDA:3,(anonymous_11)
FNDA:2,(anonymous_12)
DA:1,1
DA:2,1
DA:3,1
DA:4,1
DA:5,1
DA:6,1
DA:7,1
DA:8,1
DA:10,1
DA:11,6
DA:12,6
DA:13,6
DA:15,6
DA:16,6
DA:18,6
DA:19,6
DA:20,1
DA:21,1
DA:24,5
DA:25,1
DA:26,1
DA:29,4
DA:30,4
DA:31,1
DA:32,1
DA:34,3
DA:35,1
DA:36,1
DA:38,2
DA:41,4
DA:42,2
DA:45,4
DA:46,2
DA:47,2
DA:48,2
DA:50,2
DA:51,2
DA:55,2
DA:56,2
DA:57,2
DA:58,2
DA:59,2
DA:63,4
DA:64,2
DA:65,0
DA:67,2
DA:70,4
DA:71,2
DA:78,1
DA:80,1
DA:81,4
DA:82,4
DA:84,4
DA:85,1
DA:86,1
DA:89,3
DA:90,3
DA:91,0
DA:93,3
DA:94,1
DA:95,1
DA:97,2
DA:98,0
DA:99,0
DA:101,2
DA:102,2
DA:103,2
DA:104,2
DA:105,1
DA:106,1
DA:108,1
DA:109,1
DA:111,2
DA:112,2
DA:121,1
LF:75
LH:71
BRDA:12,1,0,6
BRDA:12,1,1,1
BRDA:19,2,0,1
BRDA:19,2,1,5
BRDA:24,3,0,1
BRDA:24,3,1,4
BRDA:30,4,0,1
BRDA:30,4,1,3
BRDA:34,5,0,1
BRDA:34,5,1,2
BRDA:64,6,0,0
BRDA:64,6,1,2
BRDA:84,7,0,1
BRDA:84,7,1,3
BRDA:90,8,0,0
BRDA:90,8,1,3
BRDA:93,9,0,1
BRDA:93,9,1,2
BRDA:97,10,0,0
BRDA:97,10,1,2
BRDA:97,11,0,2
BRDA:97,11,1,2
BRDA:102,12,0,2
BRDA:102,12,1,0
BRDA:104,13,0,1
BRDA:104,13,1,1
BRF:26
BRH:22
end_of_record
TN:
SF:/Users/qiuhong/Desktop/nodeclub-master/api/v1/message.js
FN:7,(anonymous_1)
FN:13,(anonymous_2)
FN:23,(anonymous_3)
FN:24,(anonymous_4)
FN:27,(anonymous_5)
FN:28,(anonymous_6)
FN:31,(anonymous_7)
FN:44,(anonymous_8)
FN:57,(anonymous_9)
FN:61,(anonymous_10)
FN:62,(anonymous_11)
FN:69,(anonymous_12)
FN:70,(anonymous_13)
FN:84,(anonymous_14)
FN:88,(anonymous_15)
FN:92,(anonymous_16)
FN:103,(anonymous_17)
FN:109,(anonymous_18)
FNF:18
FNH:15
FNDA:1,(anonymous_1)
FNDA:1,(anonymous_2)
FNDA:1,(anonymous_3)
FNDA:2,(anonymous_4)
FNDA:2,(anonymous_5)
FNDA:1,(anonymous_6)
FNDA:1,(anonymous_7)
FNDA:1,(anonymous_8)
FNDA:2,(anonymous_9)
FNDA:2,(anonymous_10)
FNDA:1,(anonymous_11)
FNDA:2,(anonymous_12)
FNDA:1,(anonymous_13)
FNDA:0,(anonymous_14)
FNDA:0,(anonymous_15)
FNDA:0,(anonymous_16)
FNDA:1,(anonymous_17)
FNDA:1,(anonymous_18)
DA:1,1
DA:2,1
DA:3,1
DA:4,1
DA:5,1
DA:7,1
DA:8,1
DA:9,1
DA:10,1
DA:11,1
DA:13,1
DA:14,1
DA:23,1
DA:24,1
DA:25,2
DA:26,2
DA:27,2
DA:28,2
DA:29,1
DA:31,2
DA:32,1
DA:33,1
DA:34,1
DA:35,1
DA:36,1
DA:38,1
DA:40,1
DA:42,2
DA:44,2
DA:45,1
DA:50,1
DA:52,1
DA:55,1
DA:57,1
DA:58,2
DA:59,2
DA:60,2
DA:61,2
DA:62,2
DA:63,1
DA:64,1
DA:66,2
DA:69,2
DA:70,2
DA:71,1
DA:72,1
DA:74,2
DA:81,1
DA:84,1
DA:85,0
DA:86,0
DA:87,0
DA:88,0
DA:89,0
DA:92,0
DA:93,0
DA:100,1
DA:103,1
DA:104,1
DA:106,1
DA:107,1
DA:109,1
DA:110,1
DA:114,1
LF:64
LH:57
BRDA:9,1,0,0
BRDA:9,1,1,1
BRDA:35,2,0,1
BRDA:35,2,1,0
BRDA:42,3,0,1
BRDA:42,3,1,1
BRF:6
BRH:4
end_of_record
TN:
SF:/Users/qiuhong/Desktop/nodeclub-master/api/v1/middleware.js
FN:6,(anonymous_1)
FN:13,(anonymous_2)
FN:31,(anonymous_3)
FN:38,(anonymous_4)
FNF:4
FNH:4
FNDA:34,(anonymous_1)
FNDA:34,(anonymous_2)
FNDA:9,(anonymous_3)
FNDA:9,(anonymous_4)
DA:1,1
DA:2,1
DA:3,1
DA:6,1
DA:7,34
DA:8,34
DA:10,34
DA:11,34
DA:13,34
DA:14,34
DA:15,6
DA:16,6
DA:18,28
DA:19,0
DA:20,0
DA:22,28
DA:23,28
DA:28,1
DA:31,1
DA:32,9
DA:33,9
DA:35,9
DA:36,9
DA:38,9
DA:39,9
DA:40,5
DA:42,4
DA:43,0
DA:44,0
DA:46,4
DA:47,4
DA:52,1
LF:32
LH:28
BRDA:10,1,0,34
BRDA:10,1,1,7
BRDA:10,1,2,5
BRDA:14,2,0,6
BRDA:14,2,1,28
BRDA:18,3,0,0
BRDA:18,3,1,28
BRDA:35,4,0,9
BRDA:35,4,1,9
BRDA:35,4,2,5
BRDA:39,5,0,5
BRDA:39,5,1,4
BRDA:42,6,0,0
BRDA:42,6,1,4
BRF:14
BRH:12
end_of_record
TN:
SF:/Users/qiuhong/Desktop/nodeclub-master/middlewares/error_page.js
FN:2,(anonymous_1)
FN:4,(anonymous_2)
FN:8,(anonymous_3)
FNF:3
FNH:2
FNDA:147,(anonymous_1)
FNDA:0,(anonymous_2)
FNDA:2,(anonymous_3)
DA:2,1
DA:4,147
DA:5,0
DA:8,147
DA:9,2
DA:10,0
DA:12,2
DA:15,147
LF:8
LH:6
BRDA:9,1,0,0
BRDA:9,1,1,2
BRF:2
BRH:1
end_of_record
TN:
SF:/Users/qiuhong/Desktop/nodeclub-master/middlewares/proxy.js
FN:11,(anonymous_1)
FN:23,(anonymous_2)
FN:26,(anonymous_3)
FNF:3
FNH:2
FNDA:3,(anonymous_1)
FNDA:2,(anonymous_2)
FNDA:0,(anonymous_3)
DA:1,1
DA:2,1
DA:3,1
DA:4,1
DA:7,1
DA:11,1
DA:12,3
DA:13,3
DA:15,3
DA:16,1
DA:19,2
DA:24,2
DA:27,0
LF:13
LH:12
BRDA:15,1,0,1
BRDA:15,1,1,2
BRF:2
BRH:2
end_of_record
TN:
SF:/Users/qiuhong/Desktop/nodeclub-master/middlewares/request_log.js
FN:5,(anonymous_1)
FN:15,(anonymous_2)
FNF:2
FNH:2
FNDA:150,(anonymous_1)
FNDA:146,(anonymous_2)
DA:1,1
DA:3,1
DA:5,1
DA:7,150
DA:8,3
DA:9,3
DA:12,147
DA:13,147
DA:15,147
DA:16,146
DA:18,146
DA:21,147
LF:12
LH:12
BRDA:7,1,0,3
BRDA:7,1,1,147
BRF:2
BRH:2
end_of_record
TN:
SF:/Users/qiuhong/Desktop/nodeclub-master/middlewares/render.js
FN:4,(anonymous_1)
FN:7,(anonymous_2)
FNF:2
FNH:2
FNDA:150,(anonymous_1)
FNDA:47,(anonymous_2)
DA:1,1
DA:4,1
DA:5,150
DA:7,150
DA:8,47
DA:10,47
DA:12,47
DA:13,47
DA:16,150
LF:9
LH:9
BRF:0
BRH:0
end_of_record
